2024-03-23 13:33:20,501 [INFO] Activator:176 - 


2024-03-23 13:33:20,507 [INFO] Activator:177 - !SESSION log4j initialized
2024-03-23 13:33:27,075 [INFO] LogOutputStream:77 - [STDOUT_REDIRECT] 
2024-03-23 13:33:31,216 [INFO] ApplicationProperties:184 - Using Application install path: C:\ST\STM32CubeIDE_1.12.0\STM32CubeIDE\plugins\com.st.stm32cube.common.mx_6.10.0.202311202037
2024-03-23 13:33:31,240 [INFO] DbMcusXml:78 - Set database path to: C:\ST\STM32CubeIDE_1.12.0\STM32CubeIDE\plugins\com.st.stm32cube.common.mx_6.10.0.202311202037\\db\/mcu/
2024-03-23 13:33:31,240 [INFO] ApiDb:274 - Set plugin database path to: C:\ST\STM32CubeIDE_1.12.0\STM32CubeIDE\plugins\com.st.stm32cube.common.mx_6.10.0.202311202037\\db\/plugins/boardmanager/
2024-03-23 13:33:31,240 [WARN] ApiDb:259 - Overriding images path with different value:  => C:\ST\STM32CubeIDE_1.12.0\STM32CubeIDE\plugins\com.st.stm32cube.common.mx_6.10.0.202311202037\\db\/plugins/mcufinder/images/
2024-03-23 13:33:31,256 [INFO] ApiDb:250 - Set database path to: C:\Users\nate_\.stmcufinder\plugins\mcufinder//mcu/
2024-03-23 13:33:31,257 [INFO] DbMcusAds:125 - Set database path to: C:\Users\nate_\.stmcufinder\plugins\mcufinder//mcu/
2024-03-23 13:33:31,259 [INFO] CrossReferenceDbSqlite:203 - Set database path to: C:\Users\nate_\.stmcufinder\plugins\mcufinder//mcu/cs/
2024-03-23 13:33:31,381 [INFO] RulesReader:64 - Compatibility file has been processed (297 Rules)
2024-03-23 13:33:31,472 [INFO] DbMcusXml:78 - Set database path to: C:\ST\STM32CubeIDE_1.12.0\STM32CubeIDE\plugins\com.st.stm32cube.common.mx_6.10.0.202311202037\\db\/mcu/
2024-03-23 13:33:31,472 [INFO] ApiDb:274 - Set plugin database path to: C:\ST\STM32CubeIDE_1.12.0\STM32CubeIDE\plugins\com.st.stm32cube.common.mx_6.10.0.202311202037\\db\/plugins/boardmanager/
2024-03-23 13:33:31,473 [INFO] ApiDb:261 - Set plugin images path to: C:\ST\STM32CubeIDE_1.12.0\STM32CubeIDE\plugins\com.st.stm32cube.common.mx_6.10.0.202311202037\\db\/plugins/mcufinder/images/
2024-03-23 13:33:31,473 [WARN] DbFile:41 - Overriding database path with different value: C:\Users\nate_\.stmcufinder\plugins\mcufinder/ => C:\Users\nate_\.stmcufinder\plugins\mcufinder
2024-03-23 13:33:31,473 [INFO] ApiDb:250 - Set database path to: C:\Users\nate_\.stmcufinder\plugins\mcufinder//mcu/
2024-03-23 13:33:31,473 [WARN] DbFile:41 - Overriding database path with different value: C:\Users\nate_\.stmcufinder\plugins\mcufinder/ => C:\Users\nate_\.stmcufinder\plugins\mcufinder
2024-03-23 13:33:31,473 [INFO] DbMcusAds:125 - Set database path to: C:\Users\nate_\.stmcufinder\plugins\mcufinder//mcu/
2024-03-23 13:33:31,473 [WARN] DbFile:41 - Overriding database path with different value: C:\Users\nate_\.stmcufinder\plugins\mcufinder/ => C:\Users\nate_\.stmcufinder\plugins\mcufinder
2024-03-23 13:33:31,473 [WARN] DbFile:41 - Overriding database path with different value: C:\Users\nate_\.stmcufinder\plugins\mcufinder/ => C:\Users\nate_\.stmcufinder\plugins\mcufinder
2024-03-23 13:33:31,473 [INFO] CrossReferenceDbSqlite:203 - Set database path to: C:\Users\nate_\.stmcufinder\plugins\mcufinder//mcu/cs/
2024-03-23 13:33:31,556 [INFO] MainPanel:264 - HeapMemory: 268435456
2024-03-23 13:33:31,654 [INFO] DbMcusXml:78 - Set database path to: C:\ST\STM32CubeIDE_1.12.0\STM32CubeIDE\plugins\com.st.stm32cube.common.mx_6.10.0.202311202037\\db\/mcu/
2024-03-23 13:33:31,655 [INFO] ApiDb:274 - Set plugin database path to: C:\ST\STM32CubeIDE_1.12.0\STM32CubeIDE\plugins\com.st.stm32cube.common.mx_6.10.0.202311202037\\db\/plugins/boardmanager/
2024-03-23 13:33:31,655 [INFO] ApiDb:261 - Set plugin images path to: C:\ST\STM32CubeIDE_1.12.0\STM32CubeIDE\plugins\com.st.stm32cube.common.mx_6.10.0.202311202037\\db\/plugins/mcufinder/images/
2024-03-23 13:33:31,655 [WARN] DbFile:41 - Overriding database path with different value: C:\Users\nate_\.stmcufinder\plugins\mcufinder/ => C:\Users\nate_\.stmcufinder\plugins\mcufinder
2024-03-23 13:33:31,655 [INFO] ApiDb:250 - Set database path to: C:\Users\nate_\.stmcufinder\plugins\mcufinder//mcu/
2024-03-23 13:33:31,655 [WARN] DbFile:41 - Overriding database path with different value: C:\Users\nate_\.stmcufinder\plugins\mcufinder/ => C:\Users\nate_\.stmcufinder\plugins\mcufinder
2024-03-23 13:33:31,655 [INFO] DbMcusAds:125 - Set database path to: C:\Users\nate_\.stmcufinder\plugins\mcufinder//mcu/
2024-03-23 13:33:31,655 [WARN] DbFile:41 - Overriding database path with different value: C:\Users\nate_\.stmcufinder\plugins\mcufinder/ => C:\Users\nate_\.stmcufinder\plugins\mcufinder
2024-03-23 13:33:31,655 [WARN] DbFile:41 - Overriding database path with different value: C:\Users\nate_\.stmcufinder\plugins\mcufinder/ => C:\Users\nate_\.stmcufinder\plugins\mcufinder
2024-03-23 13:33:31,655 [INFO] CrossReferenceDbSqlite:203 - Set database path to: C:\Users\nate_\.stmcufinder\plugins\mcufinder//mcu/cs/
2024-03-23 13:33:31,675 [INFO] ApplicationProperties:184 - Using Application install path: C:\ST\STM32CubeIDE_1.12.0\STM32CubeIDE\plugins\com.st.stm32cube.common.mx_6.10.0.202311202037
2024-03-23 13:33:31,676 [INFO] PluginManage:196 - Search for loadable plugins [exclusion list=, ]
2024-03-23 13:33:31,678 [INFO] PluginManage:310 - Check plugin analytics
2024-03-23 13:33:31,830 [INFO] AnalyticsPlugin:253 - Accepted Software Licenses: 
2024-03-23 13:33:31,830 [INFO] AnalyticsPlugin:255 - Accepted CMSIS Pack Licenses: 
2024-03-23 13:33:31,830 [INFO] AnalyticsPlugin:257 - Accepted Firmware Licenses: FW.G0.1.6.0
2024-03-23 13:33:31,834 [INFO] PluginManage:359 - Loaded plugin analytics (category:tool,tabindex:-1)
2024-03-23 13:33:31,834 [INFO] PluginManage:310 - Check plugin cadmodel
2024-03-23 13:33:31,855 [INFO] CADModel:105 - Init CAD model plugin
2024-03-23 13:33:31,855 [INFO] PluginManage:359 - Loaded plugin cadmodel (category:power,tabindex:5)
2024-03-23 13:33:31,856 [INFO] PluginManage:310 - Check plugin clock
2024-03-23 13:33:31,874 [INFO] PluginManage:359 - Loaded plugin clock (category:base,tabindex:2)
2024-03-23 13:33:31,874 [INFO] PluginManage:310 - Check plugin ddr
2024-03-23 13:33:31,876 [INFO] PluginManage:359 - Loaded plugin ddr (category:tool,tabindex:6)
2024-03-23 13:33:31,876 [INFO] PluginManage:310 - Check plugin filemanager
2024-03-23 13:33:32,012 [INFO] PluginManage:359 - Loaded plugin filemanager (category:base,tabindex:10)
2024-03-23 13:33:32,012 [INFO] PluginManage:310 - Check plugin ipmanager
2024-03-23 13:33:32,020 [INFO] PluginManage:359 - Loaded plugin ipmanager (category:base,tabindex:5)
2024-03-23 13:33:32,020 [INFO] PluginManage:310 - Check plugin lpbam
2024-03-23 13:33:32,037 [INFO] PluginManage:359 - Loaded plugin lpbam (category:base,tabindex:0)
2024-03-23 13:33:32,038 [INFO] PluginManage:310 - Check plugin memorymap
2024-03-23 13:33:32,061 [INFO] PluginManage:359 - Loaded plugin memorymap (category:base,tabindex:4)
2024-03-23 13:33:32,061 [INFO] PluginManage:310 - Check plugin pinoutandconfiguration
2024-03-23 13:33:32,079 [INFO] PluginManage:359 - Loaded plugin pinoutandconfiguration (category:base,tabindex:1)
2024-03-23 13:33:32,079 [INFO] PluginManage:310 - Check plugin pinoutconfig
2024-03-23 13:33:32,175 [WARN] SupportedApi:132 - Cannot load RTOS API schema: s4s-elt-must-match.1: The content of 'definitions' must match (annotation?, (simpleType | complexType)?, (unique | key | keyref)*)). A problem was found starting at: attribute.
2024-03-23 13:33:32,310 [INFO] PluginManage:359 - Loaded plugin pinoutconfig (category:base,tabindex:0)
2024-03-23 13:33:32,311 [INFO] PluginManage:310 - Check plugin power
2024-03-23 13:33:32,330 [INFO] PluginManage:359 - Loaded plugin power (category:power,tabindex:4)
2024-03-23 13:33:32,330 [INFO] PluginManage:310 - Check plugin projectmanager
2024-03-23 13:33:32,345 [INFO] PluginManage:359 - Loaded plugin projectmanager (category:projectmanager,tabindex:3)
2024-03-23 13:33:32,345 [INFO] PluginManage:310 - Check plugin thirdparty
2024-03-23 13:33:32,613 [INFO] PluginManage:359 - Loaded plugin thirdparty (category:base,tabindex:-1)
2024-03-23 13:33:32,613 [WARN] IntegrityCheckThread:84 - waiting for thirdparty lock release [integrity check]
2024-03-23 13:33:32,613 [INFO] PluginManage:310 - Check plugin tools
2024-03-23 13:33:32,613 [INFO] IntegrityCheckThread:86 - entering critical section [integrity check]
2024-03-23 13:33:32,614 [INFO] ThirdPartyUpdaterWithRetryManager:70 - Updater plugin not ready yet. [1/15]
2024-03-23 13:33:32,645 [INFO] PluginManage:359 - Loaded plugin tools (category:base,tabindex:7)
2024-03-23 13:33:32,645 [INFO] PluginManage:310 - Check plugin tutovideos
2024-03-23 13:33:32,888 [INFO] PluginManage:359 - Loaded plugin tutovideos (category:base,tabindex:-1)
2024-03-23 13:33:32,888 [INFO] PluginManage:310 - Check plugin updater
2024-03-23 13:33:32,901 [INFO] PluginManage:359 - Loaded plugin updater (category:base,tabindex:12)
2024-03-23 13:33:32,901 [INFO] PluginManage:310 - Check plugin userauth
2024-03-23 13:33:32,907 [INFO] UserAuth:114 - Init User Auth plugin
2024-03-23 13:33:32,907 [INFO] PluginManage:359 - Loaded plugin userauth (category:base,tabindex:14)
2024-03-23 13:33:32,908 [INFO] PluginManage:283 - PluginManage : Loaded plugins [17]
2024-03-23 13:33:33,123 [INFO] PinOutPanel:1499 - setPackage(No Configuration,No Configuration)
2024-03-23 13:33:33,194 [INFO] CADModel:165 - CPN selected for project level
2024-03-23 13:33:33,194 [INFO] CADModel:114 - Register for checkConnection events
2024-03-23 13:33:33,222 [INFO] IPUIPlugin:80 - create IPUIPlugin
2024-03-23 13:33:33,222 [INFO] PluginManager:220 - loadIPPluginJar : add adc
2024-03-23 13:33:33,253 [INFO] IPUIPlugin:80 - create IPUIPlugin
2024-03-23 13:33:33,253 [INFO] PluginManager:220 - loadIPPluginJar : add aes
2024-03-23 13:33:33,292 [INFO] IPUIPlugin:80 - create IPUIPlugin
2024-03-23 13:33:33,292 [INFO] PluginManager:220 - loadIPPluginJar : add can
2024-03-23 13:33:33,312 [INFO] IPUIPlugin:80 - create IPUIPlugin
2024-03-23 13:33:33,313 [INFO] PluginManager:220 - loadIPPluginJar : add comp
2024-03-23 13:33:33,343 [INFO] IPUIPlugin:80 - create IPUIPlugin
2024-03-23 13:33:33,343 [INFO] PluginManager:220 - loadIPPluginJar : add cryp
2024-03-23 13:33:33,369 [INFO] IPUIPlugin:80 - create IPUIPlugin
2024-03-23 13:33:33,369 [INFO] PluginManager:220 - loadIPPluginJar : add dfsdm
2024-03-23 13:33:33,382 [INFO] IPUIPlugin:80 - create IPUIPlugin
2024-03-23 13:33:33,382 [INFO] PluginManager:220 - loadIPPluginJar : add dma
2024-03-23 13:33:33,419 [INFO] IPUIPlugin:80 - create IPUIPlugin
2024-03-23 13:33:33,420 [INFO] PluginManager:220 - loadIPPluginJar : add dma3
2024-03-23 13:33:33,438 [INFO] IPUIPlugin:80 - create IPUIPlugin
2024-03-23 13:33:33,438 [INFO] PluginManager:220 - loadIPPluginJar : add fatfs
2024-03-23 13:33:33,482 [INFO] IPUIPlugin:80 - create IPUIPlugin
2024-03-23 13:33:33,482 [INFO] PluginManager:220 - loadIPPluginJar : add fmc
2024-03-23 13:33:33,496 [INFO] IPUIPlugin:80 - create IPUIPlugin
2024-03-23 13:33:33,496 [INFO] PluginManager:220 - loadIPPluginJar : add freertos
2024-03-23 13:33:33,514 [INFO] IPUIPlugin:80 - create IPUIPlugin
2024-03-23 13:33:33,515 [INFO] PluginManager:220 - loadIPPluginJar : add genericplugin
2024-03-23 13:33:33,591 [INFO] IPUIPlugin:80 - create IPUIPlugin
2024-03-23 13:33:33,592 [INFO] PluginManager:220 - loadIPPluginJar : add gfxmmu
2024-03-23 13:33:33,697 [INFO] IPUIPlugin:80 - create IPUIPlugin
2024-03-23 13:33:33,698 [INFO] PluginManager:220 - loadIPPluginJar : add gic
2024-03-23 13:33:33,710 [INFO] IPUIPlugin:80 - create IPUIPlugin
2024-03-23 13:33:33,710 [INFO] PluginManager:220 - loadIPPluginJar : add gpio
2024-03-23 13:33:33,787 [INFO] IPUIPlugin:80 - create IPUIPlugin
2024-03-23 13:33:33,787 [INFO] PluginManager:220 - loadIPPluginJar : add gtzc
2024-03-23 13:33:33,817 [INFO] IPUIPlugin:80 - create IPUIPlugin
2024-03-23 13:33:33,817 [INFO] PluginManager:220 - loadIPPluginJar : add hash
2024-03-23 13:33:33,863 [INFO] IPUIPlugin:80 - create IPUIPlugin
2024-03-23 13:33:33,863 [INFO] PluginManager:220 - loadIPPluginJar : add i2c
2024-03-23 13:33:33,895 [INFO] IPUIPlugin:80 - create IPUIPlugin
2024-03-23 13:33:33,896 [INFO] PluginManager:220 - loadIPPluginJar : add i2s
2024-03-23 13:33:33,932 [INFO] IPUIPlugin:80 - create IPUIPlugin
2024-03-23 13:33:33,932 [INFO] PluginManager:220 - loadIPPluginJar : add i3c
2024-03-23 13:33:34,033 [INFO] IPUIPlugin:80 - create IPUIPlugin
2024-03-23 13:33:34,033 [INFO] PluginManager:220 - loadIPPluginJar : add ipddr
2024-03-23 13:33:34,117 [INFO] IPUIPlugin:80 - create IPUIPlugin
2024-03-23 13:33:34,117 [INFO] PluginManager:220 - loadIPPluginJar : add linkedlist
2024-03-23 13:33:34,149 [INFO] IPUIPlugin:80 - create IPUIPlugin
2024-03-23 13:33:34,149 [INFO] PluginManager:220 - loadIPPluginJar : add lorawan
2024-03-23 13:33:34,180 [INFO] IPUIPlugin:80 - create IPUIPlugin
2024-03-23 13:33:34,180 [INFO] PluginManager:220 - loadIPPluginJar : add ltdc
2024-03-23 13:33:34,194 [INFO] IPUIPlugin:80 - create IPUIPlugin
2024-03-23 13:33:34,194 [INFO] PluginManager:220 - loadIPPluginJar : add mdma
2024-03-23 13:33:34,205 [INFO] IPUIPlugin:80 - create IPUIPlugin
2024-03-23 13:33:34,205 [INFO] PluginManager:220 - loadIPPluginJar : add nvic
2024-03-23 13:33:34,236 [INFO] IPUIPlugin:80 - create IPUIPlugin
2024-03-23 13:33:34,236 [INFO] PluginManager:220 - loadIPPluginJar : add opamp
2024-03-23 13:33:34,286 [INFO] IPUIPlugin:80 - create IPUIPlugin
2024-03-23 13:33:34,287 [INFO] PluginManager:220 - loadIPPluginJar : add openamp
2024-03-23 13:33:34,322 [INFO] IPUIPlugin:80 - create IPUIPlugin
2024-03-23 13:33:34,322 [INFO] PluginManager:220 - loadIPPluginJar : add pdm2pcm
2024-03-23 13:33:34,336 [INFO] IPUIPlugin:80 - create IPUIPlugin
2024-03-23 13:33:34,337 [INFO] PluginManager:220 - loadIPPluginJar : add plateformsettings
2024-03-23 13:33:34,356 [INFO] IPUIPlugin:80 - create IPUIPlugin
2024-03-23 13:33:34,356 [INFO] PluginManager:220 - loadIPPluginJar : add quadspi
2024-03-23 13:33:34,368 [INFO] IPUIPlugin:80 - create IPUIPlugin
2024-03-23 13:33:34,368 [INFO] PluginManager:220 - loadIPPluginJar : add resmgrutility
2024-03-23 13:33:34,410 [INFO] IPUIPlugin:80 - create IPUIPlugin
2024-03-23 13:33:34,410 [INFO] PluginManager:220 - loadIPPluginJar : add sai
2024-03-23 13:33:34,441 [INFO] IPUIPlugin:80 - create IPUIPlugin
2024-03-23 13:33:34,441 [INFO] PluginManager:220 - loadIPPluginJar : add spi
2024-03-23 13:33:34,499 [INFO] IPUIPlugin:80 - create IPUIPlugin
2024-03-23 13:33:34,499 [INFO] PluginManager:220 - loadIPPluginJar : add stm32_wpan
2024-03-23 13:33:34,517 [INFO] IPUIPlugin:80 - create IPUIPlugin
2024-03-23 13:33:34,518 [INFO] PluginManager:220 - loadIPPluginJar : add tim
2024-03-23 13:33:34,564 [INFO] IPUIPlugin:80 - create IPUIPlugin
2024-03-23 13:33:34,564 [INFO] PluginManager:220 - loadIPPluginJar : add touchsensing
2024-03-23 13:33:34,588 [INFO] IPUIPlugin:80 - create IPUIPlugin
2024-03-23 13:33:34,589 [INFO] PluginManager:220 - loadIPPluginJar : add tracer_emb
2024-03-23 13:33:34,610 [INFO] IPUIPlugin:80 - create IPUIPlugin
2024-03-23 13:33:34,610 [INFO] PluginManager:220 - loadIPPluginJar : add ts
2024-03-23 13:33:34,628 [INFO] IPUIPlugin:80 - create IPUIPlugin
2024-03-23 13:33:34,628 [INFO] PluginManager:220 - loadIPPluginJar : add tsc
2024-03-23 13:33:34,647 [INFO] IPUIPlugin:80 - create IPUIPlugin
2024-03-23 13:33:34,647 [INFO] PluginManager:220 - loadIPPluginJar : add ucpd
2024-03-23 13:33:34,685 [INFO] IPUIPlugin:80 - create IPUIPlugin
2024-03-23 13:33:34,685 [INFO] PluginManager:220 - loadIPPluginJar : add usart
2024-03-23 13:33:34,722 [INFO] IPUIPlugin:80 - create IPUIPlugin
2024-03-23 13:33:34,723 [INFO] PluginManager:220 - loadIPPluginJar : add usbx
2024-03-23 13:33:34,853 [INFO] CADModel:165 - CPN selected for project level
2024-03-23 13:33:34,853 [INFO] CADModel:114 - Register for checkConnection events
2024-03-23 13:33:34,854 [FATAL] Updater:308 - Updater called before beeing initialized
2024-03-23 13:33:34,854 [ERROR] CADModel:125 - Updater not yet initialized, retry later 
2024-03-23 13:33:35,009 [INFO] CADModel:165 - CPN selected for project level
2024-03-23 13:33:35,009 [INFO] CADModel:114 - Register for checkConnection events
2024-03-23 13:33:35,009 [FATAL] Updater:308 - Updater called before beeing initialized
2024-03-23 13:33:35,009 [ERROR] CADModel:125 - Updater not yet initialized, retry later 
2024-03-23 13:33:35,012 [FATAL] Updater:308 - Updater called before beeing initialized
2024-03-23 13:33:35,120 [FATAL] Updater:308 - Updater called before beeing initialized
2024-03-23 13:33:35,129 [INFO] DbMcusAds:53 - JSON generation date=Wed Nov 29 03:52:27 MST 2023 (1701255147349)
2024-03-23 13:33:35,129 [FATAL] Updater:308 - Updater called before beeing initialized
2024-03-23 13:33:35,174 [WARN] DetailPanel:346 - Failed to get advertising image, set to default
2024-03-23 13:33:35,260 [FATAL] Updater:308 - Updater called before beeing initialized
2024-03-23 13:33:35,263 [FATAL] Updater:308 - Updater called before beeing initialized
2024-03-23 13:33:35,263 [FATAL] Updater:308 - Updater called before beeing initialized
2024-03-23 13:33:35,263 [WARN] DetailPanel:346 - Failed to get advertising image, set to default
2024-03-23 13:33:35,264 [FATAL] Updater:308 - Updater called before beeing initialized
2024-03-23 13:33:35,334 [ERROR] Updater:1120 - MainUpdater not yet initialized. External WinMGr cannot be set.
2024-03-23 13:33:35,345 [INFO] Updater:1056 - Updater Version found : 6.10.0
2024-03-23 13:33:35,367 [INFO] ApplicationProperties:184 - Using Application install path: C:\ST\STM32CubeIDE_1.12.0\STM32CubeIDE\plugins\com.st.stm32cube.common.mx_6.10.0.202311202037
2024-03-23 13:33:35,615 [INFO] ThirdPartyUpdaterWithRetryManager:70 - Updater plugin not ready yet. [2/15]
2024-03-23 13:33:35,765 [INFO] MainUpdater:2873 - connection check result : 10
2024-03-23 13:33:35,765 [INFO] MainUpdater:290 - Updater Check For Update Now.
2024-03-23 13:33:35,766 [INFO] MicroXplorer:498 - Change Database Version : DB.6.0.100
2024-03-23 13:33:35,785 [INFO] McuFinderGlobals:63 - Set McuFinder mode to 2 (CubeIDE integrated)
2024-03-23 13:33:35,799 [INFO] UserAuth:404 - Internet connection configuration mode: 1
2024-03-23 13:33:35,835 [INFO] JxBrowserEngine:152 - Initiate JxBrowser Engine with user profile folder
2024-03-23 13:33:35,972 [INFO] CheckServerUpdateThread:120 - End of CheckServer Thread
2024-03-23 13:33:38,892 [INFO] WebApp:161 - Instantiating new browser for Auth
2024-03-23 13:33:38,896 [WARN] PackLoader:240 - Cannot read IP mode file for STMicroelectronics.X-CUBE-SMBUS.2.1.0
2024-03-23 13:33:38,926 [WARN] PackLoader:240 - Cannot read IP mode file for STMicroelectronics.X-CUBE-TOUCHGFX.4.23.0
2024-03-23 13:33:38,978 [WARN] PackLoader:240 - Cannot read IP mode file for STMicroelectronics.X-CUBE-AZRTOS-F7.1.1.0
2024-03-23 13:33:39,030 [ERROR] RealEvaluatedCondition:428 - Found unsupported composite condition: CLASS='Data Exchange' GROUP='STM32_MetaDataManager'
2024-03-23 13:33:39,031 [ERROR] RealEvaluatedCondition:428 - Found unsupported composite condition: GROUP='STM32_MetaDataManager' CLASS='Data Exchange'
2024-03-23 13:33:39,034 [WARN] PackLoader:240 - Cannot read IP mode file for STMicroelectronics.FP-SNS-MOTENV1.4.3.0
2024-03-23 13:33:39,064 [WARN] PackLoader:240 - Cannot read IP mode file for STMicroelectronics.FP-SNS-MOTENV1.4.3.2
2024-03-23 13:33:39,089 [WARN] PackLoader:240 - Cannot read IP mode file for STMicroelectronics.FP-SNS-FLIGHT1.5.0.0
2024-03-23 13:33:39,150 [WARN] PackLoader:240 - Cannot read IP mode file for STMicroelectronics.FP-SNS-FLIGHT1.5.0.1
2024-03-23 13:33:39,208 [WARN] PackLoader:240 - Cannot read IP mode file for STMicroelectronics.X-CUBE-BLE1.6.2.4
2024-03-23 13:33:39,224 [WARN] PackLoader:240 - Cannot read IP mode file for STMicroelectronics.FP-SNS-FLIGHT1.5.0.2
2024-03-23 13:33:39,247 [WARN] PackLoader:240 - Cannot read IP mode file for STMicroelectronics.X-CUBE-DISPLAY.3.0.0
2024-03-23 13:33:39,272 [WARN] PackLoader:240 - Cannot read IP mode file for STMicroelectronics.X-CUBE-BLE1.7.0.0
2024-03-23 13:33:39,289 [WARN] PackLoader:240 - Cannot read IP mode file for STMicroelectronics.X-CUBE-TOUCHGFX.4.22.0
2024-03-23 13:33:39,312 [WARN] PackLoader:240 - Cannot read IP mode file for STMicroelectronics.X-CUBE-BLEMGR.3.1.0
2024-03-23 13:33:39,331 [WARN] PackLoader:240 - Cannot read IP mode file for STMicroelectronics.FP-SNS-SMARTAG2.1.2.0
2024-03-23 13:33:39,357 [INFO] LogOutputStream:77 - [STDOUT_REDIRECT] 1 : Invalid condition id : UX_CORESTACK_Condition cause : null
2024-03-23 13:33:39,357 [INFO] LogOutputStream:77 - [STDOUT_REDIRECT] 1 : Invalid condition id : UX_CORESTACK_Condition cause : null
2024-03-23 13:33:39,359 [INFO] LogOutputStream:77 - [STDOUT_REDIRECT] 1 : Invalid condition id : UX_CORESTACK_Condition cause : null
2024-03-23 13:33:39,361 [INFO] LogOutputStream:77 - [STDOUT_REDIRECT] 1 : Invalid condition id : UX_CORESTACK_Condition cause : null
2024-03-23 13:33:39,364 [INFO] LogOutputStream:77 - [STDOUT_REDIRECT] 1 : Invalid condition id : UX_CORESTACK_Condition cause : null
2024-03-23 13:33:39,369 [WARN] PackLoader:240 - Cannot read IP mode file for STMicroelectronics.X-CUBE-AZRTOS-WL.2.0.0
2024-03-23 13:33:39,390 [WARN] PackLoader:240 - Cannot read IP mode file for WES.I-CUBE-Cesium.1.3.0
2024-03-23 13:33:39,404 [WARN] PackLoader:240 - Cannot read IP mode file for STMicroelectronics.X-CUBE-BLE2.3.3.0
2024-03-23 13:33:39,437 [WARN] PackLoader:240 - Cannot read IP mode file for STMicroelectronics.X-CUBE-TOF1.3.2.0
2024-03-23 13:33:39,460 [WARN] PackLoader:240 - Cannot read IP mode file for STMicroelectronics.X-CUBE-TOUCHGFX.4.21.1
2024-03-23 13:33:39,475 [WARN] PackLoader:240 - Cannot read IP mode file for STMicroelectronics.X-CUBE-TOUCHGFX.4.21.3
2024-03-23 13:33:39,490 [WARN] PackLoader:240 - Cannot read IP mode file for STMicroelectronics.X-CUBE-ALGOBUILD.1.3.0
2024-03-23 13:33:39,520 [WARN] PackLoader:240 - Cannot read IP mode file for STMicroelectronics.X-CUBE-AZRTOS-G0.1.1.0
2024-03-23 13:33:39,535 [WARN] PackLoader:240 - Cannot read IP mode file for STMicroelectronics.X-CUBE-NFC4.3.0.0
2024-03-23 13:33:39,552 [WARN] PackLoader:240 - Cannot read IP mode file for STMicroelectronics.X-CUBE-BLEMGR.3.0.0
2024-03-23 13:33:39,566 [WARN] PackLoader:240 - Cannot read IP mode file for STMicroelectronics.FP-ATR-SIGFOX1.3.2.0
2024-03-23 13:33:39,582 [WARN] PackLoader:240 - Cannot read IP mode file for STMicroelectronics.X-CUBE-EEPRMA1.5.1.0
2024-03-23 13:33:39,645 [WARN] PackLoader:240 - Cannot read IP mode file for STMicroelectronics.X-CUBE-MEMS1.9.5.0
2024-03-23 13:33:39,878 [WARN] PackLoader:240 - Cannot read IP mode file for SEGGER.I-CUBE-embOS.1.3.1
2024-03-23 13:33:39,955 [WARN] PackLoader:240 - Cannot read IP mode file for STMicroelectronics.X-CUBE-GNSS1.6.0.0
2024-03-23 13:33:39,961 [INFO] WebApp:780 - Register for checkConnection events
2024-03-23 13:33:39,962 [INFO] WebApp:414 - Apply proxy settings
2024-03-23 13:33:39,962 [INFO] WebApp:499 - Chromium requires no authentication
2024-03-23 13:33:39,977 [INFO] WebApp:442 - Direct internet connection detected
2024-03-23 13:33:39,996 [WARN] PackLoader:240 - Cannot read IP mode file for STMicroelectronics.X-CUBE-AZRTOS-F4.1.1.0
2024-03-23 13:33:40,072 [WARN] PackLoader:240 - Cannot read IP mode file for STMicroelectronics.X-CUBE-AZRTOS-L5.2.0.0
2024-03-23 13:33:40,152 [WARN] PackLoader:240 - Cannot read IP mode file for STMicroelectronics.X-CUBE-MEMS1.9.6.0
2024-03-23 13:33:40,331 [WARN] PackLoader:240 - Cannot read IP mode file for STMicroelectronics.X-CUBE-EEPRMA1.4.2.0
2024-03-23 13:33:40,344 [WARN] PackLoader:240 - Cannot read IP mode file for ITTIA_DB.I-CUBE-ITTIADB.8.8.0
2024-03-23 13:33:40,350 [INFO] WebApp:192 - Starting web application
2024-03-23 13:33:40,350 [INFO] WebApp:544 - Web application path used C:\ST\STM32CubeIDE_1.12.0\STM32CubeIDE\plugins\com.st.stm32cube.common.mx_6.10.0.202311202037\db\plugins\mcufinder\reactClient1\index.html
2024-03-23 13:33:40,365 [WARN] PackLoader:240 - Cannot read IP mode file for emotas.I-CUBE-CANOPEN.1.1.3
2024-03-23 13:33:40,389 [WARN] PackLoader:240 - Cannot read IP mode file for STMicroelectronics.X-CUBE-BLEMGR.2.0.0
2024-03-23 13:33:40,429 [WARN] ConditionMgr:438 - getConditionDescription Invalid condition id : UX DEVICE CLASS RTOS Condition cause : null
2024-03-23 13:33:40,429 [WARN] ConditionMgr:438 - getConditionDescription Invalid condition id : UX DEVICE CLASS RTOS Condition cause : null
2024-03-23 13:33:40,432 [WARN] PackLoader:240 - Cannot read IP mode file for STMicroelectronics.X-CUBE-AZRTOS-H7.3.1.0
2024-03-23 13:33:40,434 [WARN] ConditionMgr:1039 - genDependencies : Invalid condition id : UX DEVICE CLASS RTOS Condition cause : null
2024-03-23 13:33:40,434 [WARN] ConditionMgr:1039 - genDependencies : Invalid condition id : UX DEVICE CLASS RTOS Condition cause : null
2024-03-23 13:33:40,434 [WARN] ConditionMgr:1039 - genDependencies : Invalid condition id : UX DEVICE CLASS RTOS Condition cause : null
2024-03-23 13:33:40,435 [WARN] ConditionMgr:1039 - genDependencies : Invalid condition id : UX DEVICE CLASS RTOS Condition cause : null
2024-03-23 13:33:40,435 [WARN] ConditionMgr:1039 - genDependencies : Invalid condition id : UX DEVICE CLASS RTOS Condition cause : null
2024-03-23 13:33:40,452 [WARN] PackLoader:240 - Cannot read IP mode file for wolfSSL.I-CUBE-wolfSSL.5.5.4
2024-03-23 13:33:40,468 [WARN] PackLoader:240 - Cannot read IP mode file for STMicroelectronics.X-CUBE-NFC7.1.0.1
2024-03-23 13:33:40,497 [WARN] PackLoader:240 - Cannot read IP mode file for STMicroelectronics.X-CUBE-NFC7.1.0.0
2024-03-23 13:33:40,524 [WARN] PackLoader:240 - Cannot read IP mode file for STMicroelectronics.X-CUBE-NFC6.3.0.0
2024-03-23 13:33:40,548 [WARN] PackLoader:240 - Cannot read IP mode file for STMicroelectronics.X-CUBE-EEPRMA1.4.1.0
2024-03-23 13:33:40,567 [WARN] PackLoader:240 - Cannot read IP mode file for STMicroelectronics.X-CUBE-AI.8.1.0
2024-03-23 13:33:40,634 [WARN] ConditionMgr:438 - getConditionDescription Invalid condition id : LAN8742 Phy interface Condition cause : null
2024-03-23 13:33:40,635 [WARN] PackLoader:240 - Cannot read IP mode file for STMicroelectronics.X-CUBE-AZRTOS-L4.2.0.0
2024-03-23 13:33:40,638 [WARN] ConditionMgr:1039 - genDependencies : Invalid condition id : LAN8742 Phy interface Condition cause : null
2024-03-23 13:33:40,638 [WARN] ConditionMgr:1039 - genDependencies : Invalid condition id : LAN8742 Phy interface Condition cause : null
2024-03-23 13:33:40,639 [WARN] ConditionMgr:1039 - genDependencies : Invalid condition id : LAN8742 Phy interface Condition cause : null
2024-03-23 13:33:40,664 [WARN] PackLoader:240 - Cannot read IP mode file for STMicroelectronics.X-CUBE-SFXS2LP1.4.0.0
2024-03-23 13:33:40,708 [WARN] PackLoader:240 - Cannot read IP mode file for STMicroelectronics.X-CUBE-AZRTOS-H7.3.0.0
2024-03-23 13:33:40,732 [WARN] PackLoader:240 - Cannot read IP mode file for STMicroelectronics.X-CUBE-ISPU.1.1.0
2024-03-23 13:33:40,753 [WARN] PackLoader:240 - Cannot read IP mode file for RoweBots.I-CUBE-UNISONRTOS.5.5.0-4
2024-03-23 13:33:40,768 [WARN] PackLoader:240 - Cannot read IP mode file for STMicroelectronics.X-CUBE-AI.8.0.0
2024-03-23 13:33:40,799 [WARN] ConditionMgr:438 - getConditionDescription Invalid condition id : UX DEVICE CLASS RTOS Condition cause : null
2024-03-23 13:33:40,799 [WARN] ConditionMgr:438 - getConditionDescription Invalid condition id : UX DEVICE CLASS RTOS Condition cause : null
2024-03-23 13:33:40,802 [WARN] PackLoader:240 - Cannot read IP mode file for STMicroelectronics.X-CUBE-AZRTOS-WB.2.0.0
2024-03-23 13:33:40,803 [WARN] ConditionMgr:1039 - genDependencies : Invalid condition id : UX DEVICE CLASS RTOS Condition cause : null
2024-03-23 13:33:40,803 [WARN] ConditionMgr:1039 - genDependencies : Invalid condition id : UX DEVICE CLASS RTOS Condition cause : null
2024-03-23 13:33:40,804 [WARN] ConditionMgr:1039 - genDependencies : Invalid condition id : UX DEVICE CLASS RTOS Condition cause : null
2024-03-23 13:33:40,804 [WARN] ConditionMgr:1039 - genDependencies : Invalid condition id : UX DEVICE CLASS RTOS Condition cause : null
2024-03-23 13:33:40,804 [WARN] ConditionMgr:1039 - genDependencies : Invalid condition id : UX DEVICE CLASS RTOS Condition cause : null
2024-03-23 13:33:40,821 [WARN] PackLoader:240 - Cannot read IP mode file for STMicroelectronics.X-CUBE-FREERTOS.1.0.0
2024-03-23 13:33:40,835 [WARN] PackLoader:240 - Cannot read IP mode file for STMicroelectronics.X-CUBE-FREERTOS.1.0.1
2024-03-23 13:33:40,866 [WARN] PackLoader:240 - Cannot read IP mode file for STMicroelectronics.X-CUBE-AZRTOS-L5.1.1.0
2024-03-23 13:33:40,882 [WARN] PackLoader:240 - Cannot read IP mode file for STMicroelectronics.X-CUBE-AI.8.0.1
2024-03-23 13:33:40,901 [WARN] PackLoader:240 - Cannot read IP mode file for STMicroelectronics.X-CUBE-SUBG2.5.0.0
2024-03-23 13:33:40,933 [WARN] PackLoader:240 - Cannot read IP mode file for STMicroelectronics.X-CUBE-AZRTOS-G4.2.0.0
2024-03-23 13:33:40,952 [WARN] PackLoader:240 - Cannot read IP mode file for STMicroelectronics.X-CUBE-TOF1.3.3.0
2024-03-23 13:33:40,985 [WARN] PackLoader:240 - Cannot read IP mode file for STMicroelectronics.FP-ATR-ASTRA1.1.1.1
2024-03-23 13:33:41,008 [WARN] PackLoader:240 - Cannot read IP mode file for Infineon.AIROC-Wi-Fi-Bluetooth-STM32.1.5.1
2024-03-23 13:33:41,023 [WARN] PackLoader:240 - Cannot read IP mode file for STMicroelectronics.FP-SNS-MOTENVWB1.1.3.1
2024-03-23 13:33:41,056 [WARN] PackLoader:240 - Cannot read IP mode file for STMicroelectronics.X-CUBE-AZRTOS-G4.1.0.0
2024-03-23 13:33:41,096 [WARN] PackLoader:240 - Cannot read IP mode file for STMicroelectronics.X-CUBE-AZRTOS-L4.1.0.0
2024-03-23 13:33:41,111 [WARN] PackLoader:240 - Cannot read IP mode file for STMicroelectronics.X-CUBE-ISPU.2.0.0
2024-03-23 13:33:41,194 [WARN] PackLoader:240 - Cannot read IP mode file for STMicroelectronics.X-CUBE-MEMS1.10.0.0
2024-03-23 13:33:41,333 [WARN] PackLoader:240 - Cannot read IP mode file for STMicroelectronics.X-CUBE-FREERTOS.1.1.0
2024-03-23 13:33:41,354 [WARN] PackLoader:240 - Cannot read IP mode file for STMicroelectronics.X-CUBE-AZRTOS-WL.1.0.0
2024-03-23 13:33:41,369 [WARN] PackLoader:240 - Cannot read IP mode file for portGmbH.I-Cube-SoM-uGOAL.1.1.0
2024-03-23 13:33:41,381 [WARN] PackLoader:240 - Cannot read IP mode file for STMicroelectronics.X-CUBE-ALS.1.0.1
2024-03-23 13:33:41,407 [WARN] PackLoader:240 - Cannot read IP mode file for STMicroelectronics.X-CUBE-AZRTOS-WB.1.1.0
2024-03-23 13:33:41,420 [WARN] PackLoader:240 - Cannot read IP mode file for STMicroelectronics.FP-ATR-ASTRA1.2.0.0
2024-03-23 13:33:41,440 [WARN] PackLoader:240 - Cannot read IP mode file for STMicroelectronics.X-CUBE-TOF1.3.4.0
2024-03-23 13:33:41,472 [WARN] PackLoader:240 - Cannot read IP mode file for STMicroelectronics.X-CUBE-TOF1.3.4.1
2024-03-23 13:33:41,521 [WARN] PackLoader:240 - Cannot read IP mode file for STMicroelectronics.X-CUBE-AZRTOS-H7.3.2.0
2024-03-23 13:33:41,524 [INFO] ThirdParty:978 - Integrity check success = true
2024-03-23 13:33:41,525 [INFO] IntegrityCheckThread:100 - exiting critical section [integrity check]
2024-03-23 13:33:41,525 [INFO] IntegrityCheckThread:103 - End integrity checks thread
2024-03-23 13:33:51,356 [ERROR] LogOutputStream:75 - [STDERR_REDIRECT] SLF4J: Failed to load class "org.slf4j.impl.StaticLoggerBinder".
2024-03-23 13:33:51,356 [ERROR] LogOutputStream:75 - [STDERR_REDIRECT] SLF4J: Defaulting to no-operation (NOP) logger implementation
2024-03-23 13:33:51,358 [ERROR] LogOutputStream:75 - [STDERR_REDIRECT] SLF4J: See http://www.slf4j.org/codes.html#StaticLoggerBinder for further details.
