2024-02-13 22:01:27,174 [INFO] Activator:176 - 


2024-02-13 22:01:27,184 [INFO] Activator:177 - !SESSION log4j initialized
2024-02-13 22:01:38,093 [INFO] LogOutputStream:77 - [STDOUT_REDIRECT] 
2024-02-13 22:01:42,039 [INFO] ApplicationProperties:184 - Using Application install path: C:\ST\STM32CubeIDE_1.12.0\STM32CubeIDE\plugins\com.st.stm32cube.common.mx_6.10.0.202311202037
2024-02-13 22:01:42,083 [INFO] DbMcusXml:78 - Set database path to: C:\ST\STM32CubeIDE_1.12.0\STM32CubeIDE\plugins\com.st.stm32cube.common.mx_6.10.0.202311202037\\db\/mcu/
2024-02-13 22:01:42,084 [INFO] ApiDb:274 - Set plugin database path to: C:\ST\STM32CubeIDE_1.12.0\STM32CubeIDE\plugins\com.st.stm32cube.common.mx_6.10.0.202311202037\\db\/plugins/boardmanager/
2024-02-13 22:01:42,084 [WARN] ApiDb:259 - Overriding images path with different value:  => C:\ST\STM32CubeIDE_1.12.0\STM32CubeIDE\plugins\com.st.stm32cube.common.mx_6.10.0.202311202037\\db\/plugins/mcufinder/images/
2024-02-13 22:01:42,103 [INFO] ApiDb:250 - Set database path to: C:\Users\nate_\.stmcufinder\plugins\mcufinder//mcu/
2024-02-13 22:01:42,105 [INFO] DbMcusAds:125 - Set database path to: C:\Users\nate_\.stmcufinder\plugins\mcufinder//mcu/
2024-02-13 22:01:42,107 [INFO] CrossReferenceDbSqlite:203 - Set database path to: C:\Users\nate_\.stmcufinder\plugins\mcufinder//mcu/cs/
2024-02-13 22:01:42,317 [INFO] RulesReader:64 - Compatibility file has been processed (297 Rules)
2024-02-13 22:01:42,478 [INFO] DbMcusXml:78 - Set database path to: C:\ST\STM32CubeIDE_1.12.0\STM32CubeIDE\plugins\com.st.stm32cube.common.mx_6.10.0.202311202037\\db\/mcu/
2024-02-13 22:01:42,478 [INFO] ApiDb:274 - Set plugin database path to: C:\ST\STM32CubeIDE_1.12.0\STM32CubeIDE\plugins\com.st.stm32cube.common.mx_6.10.0.202311202037\\db\/plugins/boardmanager/
2024-02-13 22:01:42,478 [INFO] ApiDb:261 - Set plugin images path to: C:\ST\STM32CubeIDE_1.12.0\STM32CubeIDE\plugins\com.st.stm32cube.common.mx_6.10.0.202311202037\\db\/plugins/mcufinder/images/
2024-02-13 22:01:42,479 [WARN] DbFile:41 - Overriding database path with different value: C:\Users\nate_\.stmcufinder\plugins\mcufinder/ => C:\Users\nate_\.stmcufinder\plugins\mcufinder
2024-02-13 22:01:42,479 [INFO] ApiDb:250 - Set database path to: C:\Users\nate_\.stmcufinder\plugins\mcufinder//mcu/
2024-02-13 22:01:42,479 [WARN] DbFile:41 - Overriding database path with different value: C:\Users\nate_\.stmcufinder\plugins\mcufinder/ => C:\Users\nate_\.stmcufinder\plugins\mcufinder
2024-02-13 22:01:42,479 [INFO] DbMcusAds:125 - Set database path to: C:\Users\nate_\.stmcufinder\plugins\mcufinder//mcu/
2024-02-13 22:01:42,479 [WARN] DbFile:41 - Overriding database path with different value: C:\Users\nate_\.stmcufinder\plugins\mcufinder/ => C:\Users\nate_\.stmcufinder\plugins\mcufinder
2024-02-13 22:01:42,479 [WARN] DbFile:41 - Overriding database path with different value: C:\Users\nate_\.stmcufinder\plugins\mcufinder/ => C:\Users\nate_\.stmcufinder\plugins\mcufinder
2024-02-13 22:01:42,480 [INFO] CrossReferenceDbSqlite:203 - Set database path to: C:\Users\nate_\.stmcufinder\plugins\mcufinder//mcu/cs/
2024-02-13 22:01:42,611 [INFO] MainPanel:264 - HeapMemory: 268435456
2024-02-13 22:01:42,781 [INFO] DbMcusXml:78 - Set database path to: C:\ST\STM32CubeIDE_1.12.0\STM32CubeIDE\plugins\com.st.stm32cube.common.mx_6.10.0.202311202037\\db\/mcu/
2024-02-13 22:01:42,781 [INFO] ApiDb:274 - Set plugin database path to: C:\ST\STM32CubeIDE_1.12.0\STM32CubeIDE\plugins\com.st.stm32cube.common.mx_6.10.0.202311202037\\db\/plugins/boardmanager/
2024-02-13 22:01:42,781 [INFO] ApiDb:261 - Set plugin images path to: C:\ST\STM32CubeIDE_1.12.0\STM32CubeIDE\plugins\com.st.stm32cube.common.mx_6.10.0.202311202037\\db\/plugins/mcufinder/images/
2024-02-13 22:01:42,783 [WARN] DbFile:41 - Overriding database path with different value: C:\Users\nate_\.stmcufinder\plugins\mcufinder/ => C:\Users\nate_\.stmcufinder\plugins\mcufinder
2024-02-13 22:01:42,783 [INFO] ApiDb:250 - Set database path to: C:\Users\nate_\.stmcufinder\plugins\mcufinder//mcu/
2024-02-13 22:01:42,783 [WARN] DbFile:41 - Overriding database path with different value: C:\Users\nate_\.stmcufinder\plugins\mcufinder/ => C:\Users\nate_\.stmcufinder\plugins\mcufinder
2024-02-13 22:01:42,783 [INFO] DbMcusAds:125 - Set database path to: C:\Users\nate_\.stmcufinder\plugins\mcufinder//mcu/
2024-02-13 22:01:42,783 [WARN] DbFile:41 - Overriding database path with different value: C:\Users\nate_\.stmcufinder\plugins\mcufinder/ => C:\Users\nate_\.stmcufinder\plugins\mcufinder
2024-02-13 22:01:42,783 [WARN] DbFile:41 - Overriding database path with different value: C:\Users\nate_\.stmcufinder\plugins\mcufinder/ => C:\Users\nate_\.stmcufinder\plugins\mcufinder
2024-02-13 22:01:42,783 [INFO] CrossReferenceDbSqlite:203 - Set database path to: C:\Users\nate_\.stmcufinder\plugins\mcufinder//mcu/cs/
2024-02-13 22:01:42,817 [INFO] ApplicationProperties:184 - Using Application install path: C:\ST\STM32CubeIDE_1.12.0\STM32CubeIDE\plugins\com.st.stm32cube.common.mx_6.10.0.202311202037
2024-02-13 22:01:42,820 [INFO] PluginManage:196 - Search for loadable plugins [exclusion list=, ]
2024-02-13 22:01:42,822 [INFO] PluginManage:310 - Check plugin analytics
2024-02-13 22:01:43,119 [INFO] AnalyticsPlugin:253 - Accepted Software Licenses: 
2024-02-13 22:01:43,119 [INFO] AnalyticsPlugin:255 - Accepted CMSIS Pack Licenses: 
2024-02-13 22:01:43,119 [INFO] AnalyticsPlugin:257 - Accepted Firmware Licenses: FW.G0.1.6.0
2024-02-13 22:01:43,123 [INFO] PluginManage:359 - Loaded plugin analytics (category:tool,tabindex:-1)
2024-02-13 22:01:43,124 [INFO] PluginManage:310 - Check plugin cadmodel
2024-02-13 22:01:43,144 [INFO] CADModel:105 - Init CAD model plugin
2024-02-13 22:01:43,144 [INFO] PluginManage:359 - Loaded plugin cadmodel (category:power,tabindex:5)
2024-02-13 22:01:43,144 [INFO] PluginManage:310 - Check plugin clock
2024-02-13 22:01:43,175 [INFO] PluginManage:359 - Loaded plugin clock (category:base,tabindex:2)
2024-02-13 22:01:43,175 [INFO] PluginManage:310 - Check plugin ddr
2024-02-13 22:01:43,181 [INFO] PluginManage:359 - Loaded plugin ddr (category:tool,tabindex:6)
2024-02-13 22:01:43,181 [INFO] PluginManage:310 - Check plugin filemanager
2024-02-13 22:01:43,401 [INFO] PluginManage:359 - Loaded plugin filemanager (category:base,tabindex:10)
2024-02-13 22:01:43,401 [INFO] PluginManage:310 - Check plugin ipmanager
2024-02-13 22:01:43,423 [INFO] PluginManage:359 - Loaded plugin ipmanager (category:base,tabindex:5)
2024-02-13 22:01:43,423 [INFO] PluginManage:310 - Check plugin lpbam
2024-02-13 22:01:43,455 [INFO] PluginManage:359 - Loaded plugin lpbam (category:base,tabindex:0)
2024-02-13 22:01:43,455 [INFO] PluginManage:310 - Check plugin memorymap
2024-02-13 22:01:43,513 [INFO] PluginManage:359 - Loaded plugin memorymap (category:base,tabindex:4)
2024-02-13 22:01:43,513 [INFO] PluginManage:310 - Check plugin pinoutandconfiguration
2024-02-13 22:01:43,552 [INFO] PluginManage:359 - Loaded plugin pinoutandconfiguration (category:base,tabindex:1)
2024-02-13 22:01:43,552 [INFO] PluginManage:310 - Check plugin pinoutconfig
2024-02-13 22:01:43,783 [WARN] SupportedApi:132 - Cannot load RTOS API schema: s4s-elt-must-match.1: The content of 'definitions' must match (annotation?, (simpleType | complexType)?, (unique | key | keyref)*)). A problem was found starting at: attribute.
2024-02-13 22:01:44,114 [INFO] PluginManage:359 - Loaded plugin pinoutconfig (category:base,tabindex:0)
2024-02-13 22:01:44,114 [INFO] PluginManage:310 - Check plugin power
2024-02-13 22:01:44,164 [INFO] PluginManage:359 - Loaded plugin power (category:power,tabindex:4)
2024-02-13 22:01:44,164 [INFO] PluginManage:310 - Check plugin projectmanager
2024-02-13 22:01:44,191 [INFO] PluginManage:359 - Loaded plugin projectmanager (category:projectmanager,tabindex:3)
2024-02-13 22:01:44,191 [INFO] PluginManage:310 - Check plugin thirdparty
2024-02-13 22:01:44,586 [INFO] PluginManage:359 - Loaded plugin thirdparty (category:base,tabindex:-1)
2024-02-13 22:01:44,586 [WARN] IntegrityCheckThread:84 - waiting for thirdparty lock release [integrity check]
2024-02-13 22:01:44,586 [INFO] PluginManage:310 - Check plugin tools
2024-02-13 22:01:44,586 [INFO] IntegrityCheckThread:86 - entering critical section [integrity check]
2024-02-13 22:01:44,587 [INFO] ThirdPartyUpdaterWithRetryManager:70 - Updater plugin not ready yet. [1/15]
2024-02-13 22:01:44,633 [INFO] PluginManage:359 - Loaded plugin tools (category:base,tabindex:7)
2024-02-13 22:01:44,633 [INFO] PluginManage:310 - Check plugin tutovideos
2024-02-13 22:01:45,083 [INFO] PluginManage:359 - Loaded plugin tutovideos (category:base,tabindex:-1)
2024-02-13 22:01:45,083 [INFO] PluginManage:310 - Check plugin updater
2024-02-13 22:01:45,104 [INFO] PluginManage:359 - Loaded plugin updater (category:base,tabindex:12)
2024-02-13 22:01:45,104 [INFO] PluginManage:310 - Check plugin userauth
2024-02-13 22:01:45,115 [INFO] UserAuth:114 - Init User Auth plugin
2024-02-13 22:01:45,115 [INFO] PluginManage:359 - Loaded plugin userauth (category:base,tabindex:14)
2024-02-13 22:01:45,115 [INFO] PluginManage:283 - PluginManage : Loaded plugins [17]
2024-02-13 22:01:45,526 [INFO] PinOutPanel:1499 - setPackage(No Configuration,No Configuration)
2024-02-13 22:01:45,742 [INFO] CADModel:165 - CPN selected for project level
2024-02-13 22:01:45,743 [INFO] CADModel:114 - Register for checkConnection events
2024-02-13 22:01:45,790 [INFO] IPUIPlugin:80 - create IPUIPlugin
2024-02-13 22:01:45,790 [INFO] PluginManager:220 - loadIPPluginJar : add adc
2024-02-13 22:01:45,839 [INFO] IPUIPlugin:80 - create IPUIPlugin
2024-02-13 22:01:45,839 [INFO] PluginManager:220 - loadIPPluginJar : add aes
2024-02-13 22:01:45,900 [INFO] IPUIPlugin:80 - create IPUIPlugin
2024-02-13 22:01:45,900 [INFO] PluginManager:220 - loadIPPluginJar : add can
2024-02-13 22:01:45,935 [INFO] IPUIPlugin:80 - create IPUIPlugin
2024-02-13 22:01:45,935 [INFO] PluginManager:220 - loadIPPluginJar : add comp
2024-02-13 22:01:45,983 [INFO] IPUIPlugin:80 - create IPUIPlugin
2024-02-13 22:01:45,983 [INFO] PluginManager:220 - loadIPPluginJar : add cryp
2024-02-13 22:01:46,031 [INFO] IPUIPlugin:80 - create IPUIPlugin
2024-02-13 22:01:46,031 [INFO] PluginManager:220 - loadIPPluginJar : add dfsdm
2024-02-13 22:01:46,059 [INFO] IPUIPlugin:80 - create IPUIPlugin
2024-02-13 22:01:46,060 [INFO] PluginManager:220 - loadIPPluginJar : add dma
2024-02-13 22:01:46,160 [INFO] IPUIPlugin:80 - create IPUIPlugin
2024-02-13 22:01:46,161 [INFO] PluginManager:220 - loadIPPluginJar : add dma3
2024-02-13 22:01:46,213 [INFO] IPUIPlugin:80 - create IPUIPlugin
2024-02-13 22:01:46,213 [INFO] PluginManager:220 - loadIPPluginJar : add fatfs
2024-02-13 22:01:46,331 [INFO] IPUIPlugin:80 - create IPUIPlugin
2024-02-13 22:01:46,332 [INFO] PluginManager:220 - loadIPPluginJar : add fmc
2024-02-13 22:01:46,404 [INFO] IPUIPlugin:80 - create IPUIPlugin
2024-02-13 22:01:46,404 [INFO] PluginManager:220 - loadIPPluginJar : add freertos
2024-02-13 22:01:46,463 [INFO] IPUIPlugin:80 - create IPUIPlugin
2024-02-13 22:01:46,463 [INFO] PluginManager:220 - loadIPPluginJar : add genericplugin
2024-02-13 22:01:46,648 [INFO] IPUIPlugin:80 - create IPUIPlugin
2024-02-13 22:01:46,648 [INFO] PluginManager:220 - loadIPPluginJar : add gfxmmu
2024-02-13 22:01:46,871 [INFO] IPUIPlugin:80 - create IPUIPlugin
2024-02-13 22:01:46,872 [INFO] PluginManager:220 - loadIPPluginJar : add gic
2024-02-13 22:01:46,897 [INFO] IPUIPlugin:80 - create IPUIPlugin
2024-02-13 22:01:46,897 [INFO] PluginManager:220 - loadIPPluginJar : add gpio
2024-02-13 22:01:47,067 [INFO] IPUIPlugin:80 - create IPUIPlugin
2024-02-13 22:01:47,067 [INFO] PluginManager:220 - loadIPPluginJar : add gtzc
2024-02-13 22:01:47,203 [INFO] IPUIPlugin:80 - create IPUIPlugin
2024-02-13 22:01:47,204 [INFO] PluginManager:220 - loadIPPluginJar : add hash
2024-02-13 22:01:47,321 [INFO] IPUIPlugin:80 - create IPUIPlugin
2024-02-13 22:01:47,321 [INFO] PluginManager:220 - loadIPPluginJar : add i2c
2024-02-13 22:01:47,401 [INFO] IPUIPlugin:80 - create IPUIPlugin
2024-02-13 22:01:47,401 [INFO] PluginManager:220 - loadIPPluginJar : add i2s
2024-02-13 22:01:47,495 [INFO] IPUIPlugin:80 - create IPUIPlugin
2024-02-13 22:01:47,495 [INFO] PluginManager:220 - loadIPPluginJar : add i3c
2024-02-13 22:01:47,588 [INFO] ThirdPartyUpdaterWithRetryManager:70 - Updater plugin not ready yet. [2/15]
2024-02-13 22:01:47,727 [INFO] IPUIPlugin:80 - create IPUIPlugin
2024-02-13 22:01:47,727 [INFO] PluginManager:220 - loadIPPluginJar : add ipddr
2024-02-13 22:01:47,835 [INFO] IPUIPlugin:80 - create IPUIPlugin
2024-02-13 22:01:47,835 [INFO] PluginManager:220 - loadIPPluginJar : add linkedlist
2024-02-13 22:01:47,902 [INFO] IPUIPlugin:80 - create IPUIPlugin
2024-02-13 22:01:47,903 [INFO] PluginManager:220 - loadIPPluginJar : add lorawan
2024-02-13 22:01:47,981 [INFO] IPUIPlugin:80 - create IPUIPlugin
2024-02-13 22:01:47,981 [INFO] PluginManager:220 - loadIPPluginJar : add ltdc
2024-02-13 22:01:48,015 [INFO] IPUIPlugin:80 - create IPUIPlugin
2024-02-13 22:01:48,016 [INFO] PluginManager:220 - loadIPPluginJar : add mdma
2024-02-13 22:01:48,050 [INFO] IPUIPlugin:80 - create IPUIPlugin
2024-02-13 22:01:48,050 [INFO] PluginManager:220 - loadIPPluginJar : add nvic
2024-02-13 22:01:48,161 [INFO] IPUIPlugin:80 - create IPUIPlugin
2024-02-13 22:01:48,161 [INFO] PluginManager:220 - loadIPPluginJar : add opamp
2024-02-13 22:01:48,376 [INFO] IPUIPlugin:80 - create IPUIPlugin
2024-02-13 22:01:48,377 [INFO] PluginManager:220 - loadIPPluginJar : add openamp
2024-02-13 22:01:48,514 [INFO] IPUIPlugin:80 - create IPUIPlugin
2024-02-13 22:01:48,515 [INFO] PluginManager:220 - loadIPPluginJar : add pdm2pcm
2024-02-13 22:01:48,558 [INFO] IPUIPlugin:80 - create IPUIPlugin
2024-02-13 22:01:48,565 [INFO] PluginManager:220 - loadIPPluginJar : add plateformsettings
2024-02-13 22:01:48,633 [INFO] IPUIPlugin:80 - create IPUIPlugin
2024-02-13 22:01:48,633 [INFO] PluginManager:220 - loadIPPluginJar : add quadspi
2024-02-13 22:01:48,672 [INFO] IPUIPlugin:80 - create IPUIPlugin
2024-02-13 22:01:48,672 [INFO] PluginManager:220 - loadIPPluginJar : add resmgrutility
2024-02-13 22:01:48,788 [INFO] IPUIPlugin:80 - create IPUIPlugin
2024-02-13 22:01:48,788 [INFO] PluginManager:220 - loadIPPluginJar : add sai
2024-02-13 22:01:48,879 [INFO] IPUIPlugin:80 - create IPUIPlugin
2024-02-13 22:01:48,879 [INFO] PluginManager:220 - loadIPPluginJar : add spi
2024-02-13 22:01:49,012 [INFO] IPUIPlugin:80 - create IPUIPlugin
2024-02-13 22:01:49,012 [INFO] PluginManager:220 - loadIPPluginJar : add stm32_wpan
2024-02-13 22:01:49,143 [INFO] IPUIPlugin:80 - create IPUIPlugin
2024-02-13 22:01:49,143 [INFO] PluginManager:220 - loadIPPluginJar : add tim
2024-02-13 22:01:49,278 [INFO] IPUIPlugin:80 - create IPUIPlugin
2024-02-13 22:01:49,279 [INFO] PluginManager:220 - loadIPPluginJar : add touchsensing
2024-02-13 22:01:49,313 [INFO] IPUIPlugin:80 - create IPUIPlugin
2024-02-13 22:01:49,314 [INFO] PluginManager:220 - loadIPPluginJar : add tracer_emb
2024-02-13 22:01:49,358 [INFO] IPUIPlugin:80 - create IPUIPlugin
2024-02-13 22:01:49,358 [INFO] PluginManager:220 - loadIPPluginJar : add ts
2024-02-13 22:01:49,402 [INFO] IPUIPlugin:80 - create IPUIPlugin
2024-02-13 22:01:49,403 [INFO] PluginManager:220 - loadIPPluginJar : add tsc
2024-02-13 22:01:49,446 [INFO] IPUIPlugin:80 - create IPUIPlugin
2024-02-13 22:01:49,446 [INFO] PluginManager:220 - loadIPPluginJar : add ucpd
2024-02-13 22:01:49,551 [INFO] IPUIPlugin:80 - create IPUIPlugin
2024-02-13 22:01:49,551 [INFO] PluginManager:220 - loadIPPluginJar : add usart
2024-02-13 22:01:49,657 [INFO] IPUIPlugin:80 - create IPUIPlugin
2024-02-13 22:01:49,658 [INFO] PluginManager:220 - loadIPPluginJar : add usbx
2024-02-13 22:01:49,871 [INFO] CADModel:165 - CPN selected for project level
2024-02-13 22:01:49,871 [INFO] CADModel:114 - Register for checkConnection events
2024-02-13 22:01:49,872 [FATAL] Updater:308 - Updater called before beeing initialized
2024-02-13 22:01:49,872 [ERROR] CADModel:125 - Updater not yet initialized, retry later 
2024-02-13 22:01:50,411 [INFO] CADModel:165 - CPN selected for project level
2024-02-13 22:01:50,411 [INFO] CADModel:114 - Register for checkConnection events
2024-02-13 22:01:50,412 [FATAL] Updater:308 - Updater called before beeing initialized
2024-02-13 22:01:50,412 [ERROR] CADModel:125 - Updater not yet initialized, retry later 
2024-02-13 22:01:50,419 [FATAL] Updater:308 - Updater called before beeing initialized
2024-02-13 22:01:50,589 [INFO] ThirdPartyUpdaterWithRetryManager:70 - Updater plugin not ready yet. [3/15]
2024-02-13 22:01:50,639 [FATAL] Updater:308 - Updater called before beeing initialized
2024-02-13 22:01:50,655 [INFO] DbMcusAds:53 - JSON generation date=Wed Nov 29 03:52:27 MST 2023 (1701255147200)
2024-02-13 22:01:50,656 [FATAL] Updater:308 - Updater called before beeing initialized
2024-02-13 22:01:50,755 [WARN] DetailPanel:346 - Failed to get advertising image, set to default
2024-02-13 22:01:50,968 [FATAL] Updater:308 - Updater called before beeing initialized
2024-02-13 22:01:50,972 [FATAL] Updater:308 - Updater called before beeing initialized
2024-02-13 22:01:50,973 [FATAL] Updater:308 - Updater called before beeing initialized
2024-02-13 22:01:50,973 [WARN] DetailPanel:346 - Failed to get advertising image, set to default
2024-02-13 22:01:50,975 [FATAL] Updater:308 - Updater called before beeing initialized
2024-02-13 22:01:51,171 [ERROR] Updater:1120 - MainUpdater not yet initialized. External WinMGr cannot be set.
2024-02-13 22:01:51,187 [INFO] Updater:1056 - Updater Version found : 6.10.0
2024-02-13 22:01:51,219 [INFO] ApplicationProperties:184 - Using Application install path: C:\ST\STM32CubeIDE_1.12.0\STM32CubeIDE\plugins\com.st.stm32cube.common.mx_6.10.0.202311202037
2024-02-13 22:01:52,841 [ERROR] LogOutputStream:75 - [STDERR_REDIRECT] Feb 13, 2024 10:01:52 PM java.util.prefs.WindowsPreferences <init>
2024-02-13 22:01:52,847 [ERROR] LogOutputStream:75 - [STDERR_REDIRECT] WARNING: Could not open/create prefs root node Software\JavaSoft\Prefs at root 0xffffffff80000002. Windows RegCreateKeyEx(...) returned error code 5.
2024-02-13 22:01:52,849 [ERROR] LogOutputStream:75 - [STDERR_REDIRECT] 
2024-02-13 22:01:53,253 [INFO] McuFinderGlobals:63 - Set McuFinder mode to 2 (CubeIDE integrated)
2024-02-13 22:01:53,591 [FATAL] Updater:308 - Updater called before beeing initialized
2024-02-13 22:01:53,592 [ERROR] IntegrityCheckThread:130 - Cannot retrieve database content from updater: error 21
2024-02-13 22:01:53,593 [INFO] ThirdParty:978 - Integrity check success = false
2024-02-13 22:01:53,593 [INFO] IntegrityCheckThread:100 - exiting critical section [integrity check]
2024-02-13 22:01:53,593 [INFO] IntegrityCheckThread:103 - End integrity checks thread
2024-02-13 22:01:53,615 [INFO] MainUpdater:2873 - connection check result : 10
2024-02-13 22:01:53,617 [INFO] MainUpdater:3567 - Updater definition file requires update
2024-02-13 22:01:53,620 [INFO] MainUpdater:290 - Updater Check For Update Now.
2024-02-13 22:01:53,620 [INFO] MicroXplorer:498 - Change Database Version : DB.6.0.100
2024-02-13 22:01:53,722 [INFO] McuFinderGlobals:63 - Set McuFinder mode to 2 (CubeIDE integrated)
2024-02-13 22:01:53,765 [INFO] UserAuth:404 - Internet connection configuration mode: 1
2024-02-13 22:01:53,870 [INFO] JxBrowserEngine:152 - Initiate JxBrowser Engine with user profile folder
2024-02-13 22:01:54,074 [INFO] ServerAccessManage:473 - Download File updaters.zip
2024-02-13 22:01:54,515 [INFO] FileExtend:240 - Unzip File : updaters.zip
2024-02-13 22:01:54,515 [INFO] FileExtend:255 - Standard Zip Deflate
2024-02-13 22:01:55,252 [INFO] ServerAccessManage:473 - Download File PacksControlFlags.xml
2024-02-13 22:01:55,624 [INFO] ServerAccessManage:473 - Download File cubemx.pidx
2024-02-13 22:01:55,771 [INFO] LoadServerUpdatesThread:375 - End of LoadServerUpdate Thread
2024-02-13 22:01:55,970 [INFO] CheckServerUpdateThread:120 - End of CheckServer Thread
2024-02-13 22:01:56,016 [INFO] MainUpdater:2873 - connection check result : 10
2024-02-13 22:01:56,050 [INFO] McuFinderGlobals:76 - Set McuFinderConnectedMode to true
2024-02-13 22:01:56,392 [INFO] ServerAccessManage:473 - Download File mcusAds.json._tmp_
2024-02-13 22:01:56,522 [INFO] LoadUrlFilesThread:156 - End of LoadUrlFiles Thread
2024-02-13 22:01:56,813 [INFO] ServerAccessManage:473 - Download File cube-finder-db.zip
2024-02-13 22:01:59,890 [INFO] FileExtend:240 - Unzip File : cube-finder-db.zip
2024-02-13 22:01:59,890 [INFO] FileExtend:255 - Standard Zip Deflate
2024-02-13 22:02:01,231 [INFO] WebApp:161 - Instantiating new browser for Auth
2024-02-13 22:02:01,428 [INFO] LoadUrlFilesThread:156 - End of LoadUrlFiles Thread
2024-02-13 22:02:02,135 [ERROR] LogOutputStream:75 - [STDERR_REDIRECT] SLF4J: Failed to load class "org.slf4j.impl.StaticLoggerBinder".
2024-02-13 22:02:02,139 [ERROR] LogOutputStream:75 - [STDERR_REDIRECT] SLF4J: Defaulting to no-operation (NOP) logger implementation
2024-02-13 22:02:02,142 [ERROR] LogOutputStream:75 - [STDERR_REDIRECT] SLF4J: See http://www.slf4j.org/codes.html#StaticLoggerBinder for further details.
2024-02-13 22:02:02,342 [INFO] ServerAccessManage:473 - Download File crdb.zip
2024-02-13 22:02:03,112 [INFO] WebApp:780 - Register for checkConnection events
2024-02-13 22:02:03,112 [INFO] WebApp:414 - Apply proxy settings
2024-02-13 22:02:03,113 [INFO] WebApp:499 - Chromium requires no authentication
2024-02-13 22:02:03,125 [INFO] WebApp:442 - Direct internet connection detected
2024-02-13 22:02:03,218 [INFO] FileExtend:240 - Unzip File : crdb.zip
2024-02-13 22:02:03,218 [INFO] FileExtend:255 - Standard Zip Deflate
2024-02-13 22:02:03,409 [INFO] LoadUrlFilesThread:156 - End of LoadUrlFiles Thread
2024-02-13 22:02:03,622 [INFO] ServerAccessManage:473 - Download File tutoVideoDB.zip
2024-02-13 22:02:03,674 [INFO] FileExtend:240 - Unzip File : tutoVideoDB.zip
2024-02-13 22:02:03,674 [INFO] FileExtend:255 - Standard Zip Deflate
2024-02-13 22:02:03,729 [INFO] WebApp:192 - Starting web application
2024-02-13 22:02:03,729 [INFO] WebApp:544 - Web application path used C:\ST\STM32CubeIDE_1.12.0\STM32CubeIDE\plugins\com.st.stm32cube.common.mx_6.10.0.202311202037\db\plugins\mcufinder\reactClient1\index.html
2024-02-13 22:02:03,824 [INFO] LoadUrlFilesThread:156 - End of LoadUrlFiles Thread
2024-02-13 22:02:03,831 [WARN] DbFile:41 - Overriding database path with different value: C:\Users\nate_\.stmcufinder\plugins\mcufinder/ => C:\Users\nate_\.stmcufinder\plugins\mcufinder
2024-02-13 22:02:04,015 [INFO] ServerAccessManage:473 - Download File api_config.json
2024-02-13 22:02:04,135 [INFO] LoadUrlFilesThread:156 - End of LoadUrlFiles Thread
2024-02-13 22:02:04,138 [INFO] DbMcusAds:53 - JSON generation date=Wed Nov 29 03:52:27 MST 2023 (1701255147200)
2024-02-13 22:02:04,184 [INFO] LoadUrlFilesThread:185 - End of LoadServerUrlFiles without Thread
2024-02-13 22:02:04,184 [INFO] TargetSelectorAdapter:259 - Refresh data is successful
2024-02-13 22:02:04,477 [INFO] ApiDb:581 - Connected to CubeFinder SQLite database (C:\Users\nate_\.stmcufinder\plugins\mcufinder\mcu\cube-finder-db.db)
2024-02-13 22:02:04,657 [INFO] ApiDb:668 - CubeFinder database Data Model version=2.1
2024-02-13 22:02:04,658 [INFO] ApiDb:669 - CubeFinder database Configuration version=3.0.39
2024-02-13 22:02:04,659 [INFO] ApiDb:670 - CubeFinder database generation date=2024-01-11 (1704964531)
2024-02-13 22:02:04,660 [INFO] ApiDb:671 - CubeFinder database FW Pack versions=[FP-ATR-ASTRA1_V2.0.0, FP-SNS-FLIGHT1_V5.0.1, FP-SNS-FLIGHT1_V5.0.2, FP-SNS-MOTENV1_V4.3.1, FP-SNS-MOTENV1_V4.3.2, FP-SNS-MOTENVWB1_V1.3.1, FP-SNS-SMARTAG2_V1.2.0, STM32Cube_FW_C0_V1.1.0, STM32Cube_FW_F4_V1.28.0, STM32Cube_FW_F7_V1.17.0, STM32Cube_FW_G0_V1.6.2, STM32Cube_FW_G4_V1.5.2, STM32Cube_FW_H5_V0.5.1, STM32Cube_FW_H5_V1.1.1, STM32Cube_FW_H5_V1.2.0RC2, STM32Cube_FW_H7_V1.11.0, STM32Cube_FW_L0_V1.12.2, STM32Cube_FW_L5_V1.5.0, STM32Cube_FW_U5_V1.3.0RC4, STM32Cube_FW_U5_V1.4.0, STM32Cube_FW_WBA_V1.0.0RC1, STM32Cube_FW_WBA_V1.1.0RC1, STM32Cube_FW_WBA_V1.2.0, STM32Cube_FW_WBA_V1.2.0RC2, STM32Cube_FW_WB_V1.15.0RC1, STM32Cube_FW_WB_V1.16.0, STM32Cube_FW_WB_V1.16.0RC2, STM32Cube_FW_WB_V1.18.0, STM32Cube_FW_WL_V1.3.0, X-CUBE-ALGOBUILD_V1.3.0, X-CUBE-ALS_V1.0.1, X-CUBE-AZRTOS-F4_V1.1.0, X-CUBE-AZRTOS-F7_V1.1.0, X-CUBE-AZRTOS-G0_V1.1.0, X-CUBE-AZRTOS-G4_V2.0.0, X-CUBE-AZRTOS-H7_V3.2.0, X-CUBE-AZRTOS-L4_V1.0.0, X-CUBE-AZRTOS-L4_V2.0.0, X-CUBE-AZRTOS-L5_V1.1.0, X-CUBE-AZRTOS-WB_V2.0.0, X-CUBE-AZRTOS-WL_V2.0.0, X-CUBE-BLE1_V7.0.0, X-CUBE-BLE2_V3.3.0, X-CUBE-BLEMGR_V3.0.0, X-CUBE-EEPRMA1_V4.1.0, X-CUBE-EEPRMA1_V4.2.0, X-CUBE-FREERTOS_V1.1.0, X-CUBE-GNSS1_V6.0.0, X-CUBE-MEMS1_V10.0.0, X-CUBE-MEMS1_V9.1.0, X-CUBE-MEMS1_V9.4.0, X-CUBE-MEMS1_V9.6.0, X-CUBE-NFC4_V3.0.0, X-CUBE-NFC7_V1.0.1, X-CUBE-SFXS2LP1_V4.0.0, X-CUBE-SUBG2_V5.0.0, X-CUBE-TOF1_V3.4.0]
2024-02-13 22:02:11,556 [INFO] ApiDb:240 - Found 371 in-development CPN: [B-G473E-ZEST1S, B-WB1M-WPAN1, B-WL5M-SUBG1, NUCLEO-C031C6, NUCLEO-H503RB, NUCLEO-H563ZI, NUCLEO-U545RE-Q, NUCLEO-U5A5ZJ-Q, NUCLEO-WBA52CG, NUCLEO-WBA55CG, STEVAL-MKBOXPRO, STEVAL-PROTEUS1, STEVAL-STWINBX1, STM320518-EVAL, STM32C0116-DK, STM32C011D6Y3TR, STM32C011D6Y6TR, STM32C011F4P3, STM32C011F4P6, STM32C011F4U3, STM32C011F4U6TR, STM32C011F6P3, STM32C011F6P6, STM32C011F6U3, STM32C011F6U6TR, STM32C011J4M3, STM32C011J4M6, STM32C011J6M3, STM32C011J6M6, STM32C0316-DK, STM32C031C4T3, STM32C031C4T6, STM32C031C4U3, STM32C031C4U6, STM32C031C6T3, STM32C031C6T6, STM32C031C6U3, STM32C031C6U6, STM32C031F4P3, STM32C031F4P6, STM32C031F6P3, STM32C031F6P6, STM32C031G4U3, STM32C031G4U6, STM32C031G6U3, STM32C031G6U6, STM32C031K4T3, STM32C031K4T6, STM32C031K4U3, STM32C031K4U6, STM32C031K6T3, STM32C031K6T6, STM32C031K6U3, STM32C031K6U6, STM32G071K8TXN, STM32G071K8UXN, STM32G081GBU6N, STM32G081KBT6N, STM32G081KBUXN, STM32G0B1CCT6N, STM32G0B1KCT6, STM32G0B1NEY6TR, STM32G0B1RCT6N, STM32G0C1CCT6, STM32G0C1CCT6N, STM32G0C1CCU6N, STM32G0C1CET6N, STM32G0C1CEU6N, STM32G0C1KCT6, STM32G0C1NEY6TR, STM32G0C1RCI6N, STM32G0C1RCT6N, STM32G0C1REI6N, STM32G0C1RET6N, STM32G0C1VCI6, STM32G0C1VEI6, STM32G471CCT6, STM32G471CCU6, STM32G471CET3, STM32G471CET6, STM32G471CEU3, STM32G471CEU6, STM32G471MCT6, STM32G471MET3, STM32G471MET6, STM32G471MEY6TR, STM32G471QCT6, STM32G471QET3, STM32G471RCT6, STM32G471RET3, STM32G471RET6, STM32G471VCH6, STM32G471VCI6, STM32G471VCT6, STM32G471VEH3, STM32G471VEH6, STM32G471VEI3, STM32G471VEI6, STM32G471VET3, STM32G471VET6, STM32G474CCT6, STM32H503CBT6, STM32H503CBU6, STM32H503EBY6TR, STM32H503KBU6, STM32H503RBT6, STM32H562AGI6, STM32H562AII6, STM32H562IGK6, STM32H562IGT6, STM32H562IIK6, STM32H562IIT6, STM32H562RGT6, STM32H562RGV6, STM32H562RIT6, STM32H562RIV6, STM32H562VGT6, STM32H562VIT6, STM32H562ZGT6, STM32H562ZIT6, STM32H563AGI6, STM32H563AII3Q, STM32H563AII6, STM32H563IGK6, STM32H563IGT6, STM32H563IIK3Q, STM32H563IIK6, STM32H563IIT3Q, STM32H563IIT6, STM32H563MIY3QTR, STM32H563RGT6, STM32H563RGV6, STM32H563RIT6, STM32H563RIV6, STM32H563VGT6, STM32H563VIT3Q, STM32H563VIT6, STM32H563ZGT6, STM32H563ZIT3Q, STM32H563ZIT6, STM32H573AII3Q, STM32H573AII6, STM32H573I-DK, STM32H573IIK3Q, STM32H573IIK6, STM32H573IIT3Q, STM32H573IIT6, STM32H573MIY3QTR, STM32H573RIT6, STM32H573RIV6, STM32H573VIT3Q, STM32H573VIT6, STM32H573ZIT3Q, STM32H573ZIT6, STM32L4R5QGI6STR, STM32MP131AAE3, STM32MP131AAF3, STM32MP131AAG3, STM32MP131CAE3, STM32MP131CAF3, STM32MP131CAG3, STM32MP131DAE7, STM32MP131DAF7, STM32MP131DAG7, STM32MP131FAE7, STM32MP131FAF7, STM32MP131FAG7, STM32MP133AAE3, STM32MP133AAF3, STM32MP133AAG3, STM32MP133CAE3, STM32MP133CAF3, STM32MP133CAG3, STM32MP133DAE7, STM32MP133DAF7, STM32MP133DAG7, STM32MP133FAE7, STM32MP133FAF7, STM32MP133FAG7, STM32MP135AAE3, STM32MP135AAF3, STM32MP135AAG3, STM32MP135CAE3, STM32MP135CAF3, STM32MP135CAG3, STM32MP135DAE7, STM32MP135DAF7, STM32MP135DAG7, STM32MP135F-DK, STM32MP135FAE7, STM32MP135FAF7, STM32MP135FAF7T, STM32MP135FAF7U, STM32MP135FAG7, STM32U535CBT6, STM32U535CBT6Q, STM32U535CBU6, STM32U535CBU6Q, STM32U535CCT6, STM32U535CCT6Q, STM32U535CCU6, STM32U535CCU6Q, STM32U535CET6, STM32U535CET6Q, STM32U535CEU6, STM32U535CEU6Q, STM32U535JEY6QTR, STM32U535NCY6QTR, STM32U535NEY6QTR, STM32U535RBI6, STM32U535RBI6Q, STM32U535RBT6, STM32U535RBT6Q, STM32U535RCI6, STM32U535RCI6Q, STM32U535RCT6, STM32U535RCT6Q, STM32U535REI6, STM32U535REI6Q, STM32U535RET6, STM32U535RET6Q, STM32U535VCI6, STM32U535VCI6Q, STM32U535VCT6, STM32U535VCT6Q, STM32U535VEI6, STM32U535VEI6Q, STM32U535VET6, STM32U535VET6Q, STM32U545CET6, STM32U545CET6Q, STM32U545CEU6, STM32U545CEU6Q, STM32U545JEY6QTR, STM32U545NEY6QTR, STM32U545REI6, STM32U545REI6Q, STM32U545RET6, STM32U545RET6Q, STM32U545VEI6, STM32U545VEI6Q, STM32U545VET6, STM32U545VET6Q, STM32U595AIH6, STM32U595AIH6Q, STM32U595AJH6, STM32U595AJH6Q, STM32U595QII6, STM32U595QII6Q, STM32U595QJI6, STM32U595QJI6Q, STM32U595RIT6, STM32U595RIT6Q, STM32U595RJT6, STM32U595RJT6Q, STM32U595VIT6, STM32U595VIT6Q, STM32U595VJT6, STM32U595VJT6Q, STM32U595ZIT6, STM32U595ZIT6Q, STM32U595ZIY6QTR, STM32U595ZJT6, STM32U595ZJT6Q, STM32U595ZJY6QTR, STM32U599BJY6QTR, STM32U599NIH6Q, STM32U599NJH6Q, STM32U599VIT6Q, STM32U599VJT6, STM32U599VJT6Q, STM32U599ZIT6Q, STM32U599ZIY6QTR, STM32U599ZJT6Q, STM32U599ZJY6QTR, STM32U5A5AJH6, STM32U5A5AJH6Q, STM32U5A5QJI6, STM32U5A5QJI6Q, STM32U5A5RJT6, STM32U5A5RJT6Q, STM32U5A5VJT6, STM32U5A5VJT6Q, STM32U5A5ZJT6, STM32U5A5ZJT6Q, STM32U5A5ZJY6QTR, STM32U5A9BJY6QTR, STM32U5A9J-DK, STM32U5A9NJH6Q, STM32U5A9VJT6Q, STM32U5A9ZJT6Q, STM32U5A9ZJY6QTR, STM32U5F7VIT6, STM32U5F7VIT6Q, STM32U5F7VJT6, STM32U5F7VJT6Q, STM32U5F9BJY6QTR, STM32U5F9NJH6Q, STM32U5F9VIT6Q, STM32U5F9VJT6Q, STM32U5F9ZIJ6QTR, STM32U5F9ZIT6Q, STM32U5F9ZJJ6QTR, STM32U5F9ZJT6Q, STM32U5G7VJT6, STM32U5G7VJT6Q, STM32U5G9BJY6QTR, STM32U5G9J-DK1, STM32U5G9J-DK2, STM32U5G9NJH6Q, STM32U5G9VJT6Q, STM32U5G9ZJJ6QTR, STM32U5G9ZJT6Q, STM32WB1MMCH6, STM32WBA50KEU6, STM32WBA50KEU6TR, STM32WBA50KGU6, STM32WBA50KGU6TR, STM32WBA52CEU6, STM32WBA52CEU6TR, STM32WBA52CEU7, STM32WBA52CEU7TR, STM32WBA52CGU6, STM32WBA52CGU6TR, STM32WBA52CGU6U, STM32WBA52CGU7, STM32WBA52CGU7TR, STM32WBA52KEU6, STM32WBA52KEU6TR, STM32WBA52KGU6, STM32WBA52KGU6TR, STM32WBA54CEU6, STM32WBA54CEU6TR, STM32WBA54CEU7, STM32WBA54CEU7TR, STM32WBA54CGU6, STM32WBA54CGU6TR, STM32WBA54CGU7, STM32WBA54CGU7TR, STM32WBA54KEU6, STM32WBA54KEU6TR, STM32WBA54KEU7, STM32WBA54KEU7TR, STM32WBA54KGU6, STM32WBA54KGU6TR, STM32WBA54KGU7, STM32WBA54KGU7TR, STM32WBA55CEU6, STM32WBA55CEU6TR, STM32WBA55CEU7, STM32WBA55CEU7TR, STM32WBA55CGU6, STM32WBA55CGU6TR, STM32WBA55CGU6U, STM32WBA55CGU7, STM32WBA55CGU7TR, STM32WBA55G-DK1, STM32WBA55HEF6, STM32WBA55HEF7, STM32WBA55HGF6, STM32WBA55HGF7, STM32WBA55UEI6, STM32WBA55UEI6TR, STM32WBA55UEI7, STM32WBA55UEI7TR, STM32WBA55UGI6, STM32WBA55UGI6TR, STM32WBA55UGI7, STM32WBA55UGI7TR, STM32WL5MOCH6, STM32WL5MOCH6TR]
2024-02-13 22:02:11,567 [INFO] DbMcus:218 - Found 3930 MCUs, 3930 are supported
2024-02-13 22:02:11,569 [INFO] ApiDb:423 - Load user favorites file C:\Users\nate_/.stm32cubeide/favorites.mcus.txt: 0 item(s)
2024-02-13 22:02:11,570 [INFO] ApiDb:427 - User favorites MCUs=[]
2024-02-13 22:02:11,570 [INFO] DbMcus:224 - Set 0 / 0 favorites MCUs
2024-02-13 22:02:12,093 [INFO] ApiDb:668 - CubeFinder database Data Model version=2.1
2024-02-13 22:02:12,093 [INFO] ApiDb:669 - CubeFinder database Configuration version=3.0.39
2024-02-13 22:02:12,093 [INFO] ApiDb:670 - CubeFinder database generation date=2024-01-11 (1704964531)
2024-02-13 22:02:12,093 [INFO] ApiDb:671 - CubeFinder database FW Pack versions=[FP-ATR-ASTRA1_V2.0.0, FP-SNS-FLIGHT1_V5.0.1, FP-SNS-FLIGHT1_V5.0.2, FP-SNS-MOTENV1_V4.3.1, FP-SNS-MOTENV1_V4.3.2, FP-SNS-MOTENVWB1_V1.3.1, FP-SNS-SMARTAG2_V1.2.0, STM32Cube_FW_C0_V1.1.0, STM32Cube_FW_F4_V1.28.0, STM32Cube_FW_F7_V1.17.0, STM32Cube_FW_G0_V1.6.2, STM32Cube_FW_G4_V1.5.2, STM32Cube_FW_H5_V0.5.1, STM32Cube_FW_H5_V1.1.1, STM32Cube_FW_H5_V1.2.0RC2, STM32Cube_FW_H7_V1.11.0, STM32Cube_FW_L0_V1.12.2, STM32Cube_FW_L5_V1.5.0, STM32Cube_FW_U5_V1.3.0RC4, STM32Cube_FW_U5_V1.4.0, STM32Cube_FW_WBA_V1.0.0RC1, STM32Cube_FW_WBA_V1.1.0RC1, STM32Cube_FW_WBA_V1.2.0, STM32Cube_FW_WBA_V1.2.0RC2, STM32Cube_FW_WB_V1.15.0RC1, STM32Cube_FW_WB_V1.16.0, STM32Cube_FW_WB_V1.16.0RC2, STM32Cube_FW_WB_V1.18.0, STM32Cube_FW_WL_V1.3.0, X-CUBE-ALGOBUILD_V1.3.0, X-CUBE-ALS_V1.0.1, X-CUBE-AZRTOS-F4_V1.1.0, X-CUBE-AZRTOS-F7_V1.1.0, X-CUBE-AZRTOS-G0_V1.1.0, X-CUBE-AZRTOS-G4_V2.0.0, X-CUBE-AZRTOS-H7_V3.2.0, X-CUBE-AZRTOS-L4_V1.0.0, X-CUBE-AZRTOS-L4_V2.0.0, X-CUBE-AZRTOS-L5_V1.1.0, X-CUBE-AZRTOS-WB_V2.0.0, X-CUBE-AZRTOS-WL_V2.0.0, X-CUBE-BLE1_V7.0.0, X-CUBE-BLE2_V3.3.0, X-CUBE-BLEMGR_V3.0.0, X-CUBE-EEPRMA1_V4.1.0, X-CUBE-EEPRMA1_V4.2.0, X-CUBE-FREERTOS_V1.1.0, X-CUBE-GNSS1_V6.0.0, X-CUBE-MEMS1_V10.0.0, X-CUBE-MEMS1_V9.1.0, X-CUBE-MEMS1_V9.4.0, X-CUBE-MEMS1_V9.6.0, X-CUBE-NFC4_V3.0.0, X-CUBE-NFC7_V1.0.1, X-CUBE-SFXS2LP1_V4.0.0, X-CUBE-SUBG2_V5.0.0, X-CUBE-TOF1_V3.4.0]
2024-02-13 22:02:12,319 [INFO] DbBoardsSqlite:226 - include board P-NUCLEO-WB55-NUCLEO as a kit item of type 'Nucleo-64'
2024-02-13 22:02:12,320 [INFO] DbBoardsSqlite:226 - include board P-NUCLEO-WB55-USBDONGLE as a kit item of type 'Nucleo USB Dongle'
2024-02-13 22:02:12,321 [INFO] DbBoardsSqlite:226 - include board STEVAL-IDP005V1 as a kit item of type 'Evaluation Board'
2024-02-13 22:02:12,321 [INFO] DbBoardsSqlite:226 - include board STEVAL-IDP005V2 as a kit item of type 'Evaluation Board'
2024-02-13 22:02:12,495 [INFO] ApiDb:240 - Found 371 in-development CPN: [B-G473E-ZEST1S, B-WB1M-WPAN1, B-WL5M-SUBG1, NUCLEO-C031C6, NUCLEO-H503RB, NUCLEO-H563ZI, NUCLEO-U545RE-Q, NUCLEO-U5A5ZJ-Q, NUCLEO-WBA52CG, NUCLEO-WBA55CG, STEVAL-MKBOXPRO, STEVAL-PROTEUS1, STEVAL-STWINBX1, STM320518-EVAL, STM32C0116-DK, STM32C011D6Y3TR, STM32C011D6Y6TR, STM32C011F4P3, STM32C011F4P6, STM32C011F4U3, STM32C011F4U6TR, STM32C011F6P3, STM32C011F6P6, STM32C011F6U3, STM32C011F6U6TR, STM32C011J4M3, STM32C011J4M6, STM32C011J6M3, STM32C011J6M6, STM32C0316-DK, STM32C031C4T3, STM32C031C4T6, STM32C031C4U3, STM32C031C4U6, STM32C031C6T3, STM32C031C6T6, STM32C031C6U3, STM32C031C6U6, STM32C031F4P3, STM32C031F4P6, STM32C031F6P3, STM32C031F6P6, STM32C031G4U3, STM32C031G4U6, STM32C031G6U3, STM32C031G6U6, STM32C031K4T3, STM32C031K4T6, STM32C031K4U3, STM32C031K4U6, STM32C031K6T3, STM32C031K6T6, STM32C031K6U3, STM32C031K6U6, STM32G071K8TXN, STM32G071K8UXN, STM32G081GBU6N, STM32G081KBT6N, STM32G081KBUXN, STM32G0B1CCT6N, STM32G0B1KCT6, STM32G0B1NEY6TR, STM32G0B1RCT6N, STM32G0C1CCT6, STM32G0C1CCT6N, STM32G0C1CCU6N, STM32G0C1CET6N, STM32G0C1CEU6N, STM32G0C1KCT6, STM32G0C1NEY6TR, STM32G0C1RCI6N, STM32G0C1RCT6N, STM32G0C1REI6N, STM32G0C1RET6N, STM32G0C1VCI6, STM32G0C1VEI6, STM32G471CCT6, STM32G471CCU6, STM32G471CET3, STM32G471CET6, STM32G471CEU3, STM32G471CEU6, STM32G471MCT6, STM32G471MET3, STM32G471MET6, STM32G471MEY6TR, STM32G471QCT6, STM32G471QET3, STM32G471RCT6, STM32G471RET3, STM32G471RET6, STM32G471VCH6, STM32G471VCI6, STM32G471VCT6, STM32G471VEH3, STM32G471VEH6, STM32G471VEI3, STM32G471VEI6, STM32G471VET3, STM32G471VET6, STM32G474CCT6, STM32H503CBT6, STM32H503CBU6, STM32H503EBY6TR, STM32H503KBU6, STM32H503RBT6, STM32H562AGI6, STM32H562AII6, STM32H562IGK6, STM32H562IGT6, STM32H562IIK6, STM32H562IIT6, STM32H562RGT6, STM32H562RGV6, STM32H562RIT6, STM32H562RIV6, STM32H562VGT6, STM32H562VIT6, STM32H562ZGT6, STM32H562ZIT6, STM32H563AGI6, STM32H563AII3Q, STM32H563AII6, STM32H563IGK6, STM32H563IGT6, STM32H563IIK3Q, STM32H563IIK6, STM32H563IIT3Q, STM32H563IIT6, STM32H563MIY3QTR, STM32H563RGT6, STM32H563RGV6, STM32H563RIT6, STM32H563RIV6, STM32H563VGT6, STM32H563VIT3Q, STM32H563VIT6, STM32H563ZGT6, STM32H563ZIT3Q, STM32H563ZIT6, STM32H573AII3Q, STM32H573AII6, STM32H573I-DK, STM32H573IIK3Q, STM32H573IIK6, STM32H573IIT3Q, STM32H573IIT6, STM32H573MIY3QTR, STM32H573RIT6, STM32H573RIV6, STM32H573VIT3Q, STM32H573VIT6, STM32H573ZIT3Q, STM32H573ZIT6, STM32L4R5QGI6STR, STM32MP131AAE3, STM32MP131AAF3, STM32MP131AAG3, STM32MP131CAE3, STM32MP131CAF3, STM32MP131CAG3, STM32MP131DAE7, STM32MP131DAF7, STM32MP131DAG7, STM32MP131FAE7, STM32MP131FAF7, STM32MP131FAG7, STM32MP133AAE3, STM32MP133AAF3, STM32MP133AAG3, STM32MP133CAE3, STM32MP133CAF3, STM32MP133CAG3, STM32MP133DAE7, STM32MP133DAF7, STM32MP133DAG7, STM32MP133FAE7, STM32MP133FAF7, STM32MP133FAG7, STM32MP135AAE3, STM32MP135AAF3, STM32MP135AAG3, STM32MP135CAE3, STM32MP135CAF3, STM32MP135CAG3, STM32MP135DAE7, STM32MP135DAF7, STM32MP135DAG7, STM32MP135F-DK, STM32MP135FAE7, STM32MP135FAF7, STM32MP135FAF7T, STM32MP135FAF7U, STM32MP135FAG7, STM32U535CBT6, STM32U535CBT6Q, STM32U535CBU6, STM32U535CBU6Q, STM32U535CCT6, STM32U535CCT6Q, STM32U535CCU6, STM32U535CCU6Q, STM32U535CET6, STM32U535CET6Q, STM32U535CEU6, STM32U535CEU6Q, STM32U535JEY6QTR, STM32U535NCY6QTR, STM32U535NEY6QTR, STM32U535RBI6, STM32U535RBI6Q, STM32U535RBT6, STM32U535RBT6Q, STM32U535RCI6, STM32U535RCI6Q, STM32U535RCT6, STM32U535RCT6Q, STM32U535REI6, STM32U535REI6Q, STM32U535RET6, STM32U535RET6Q, STM32U535VCI6, STM32U535VCI6Q, STM32U535VCT6, STM32U535VCT6Q, STM32U535VEI6, STM32U535VEI6Q, STM32U535VET6, STM32U535VET6Q, STM32U545CET6, STM32U545CET6Q, STM32U545CEU6, STM32U545CEU6Q, STM32U545JEY6QTR, STM32U545NEY6QTR, STM32U545REI6, STM32U545REI6Q, STM32U545RET6, STM32U545RET6Q, STM32U545VEI6, STM32U545VEI6Q, STM32U545VET6, STM32U545VET6Q, STM32U595AIH6, STM32U595AIH6Q, STM32U595AJH6, STM32U595AJH6Q, STM32U595QII6, STM32U595QII6Q, STM32U595QJI6, STM32U595QJI6Q, STM32U595RIT6, STM32U595RIT6Q, STM32U595RJT6, STM32U595RJT6Q, STM32U595VIT6, STM32U595VIT6Q, STM32U595VJT6, STM32U595VJT6Q, STM32U595ZIT6, STM32U595ZIT6Q, STM32U595ZIY6QTR, STM32U595ZJT6, STM32U595ZJT6Q, STM32U595ZJY6QTR, STM32U599BJY6QTR, STM32U599NIH6Q, STM32U599NJH6Q, STM32U599VIT6Q, STM32U599VJT6, STM32U599VJT6Q, STM32U599ZIT6Q, STM32U599ZIY6QTR, STM32U599ZJT6Q, STM32U599ZJY6QTR, STM32U5A5AJH6, STM32U5A5AJH6Q, STM32U5A5QJI6, STM32U5A5QJI6Q, STM32U5A5RJT6, STM32U5A5RJT6Q, STM32U5A5VJT6, STM32U5A5VJT6Q, STM32U5A5ZJT6, STM32U5A5ZJT6Q, STM32U5A5ZJY6QTR, STM32U5A9BJY6QTR, STM32U5A9J-DK, STM32U5A9NJH6Q, STM32U5A9VJT6Q, STM32U5A9ZJT6Q, STM32U5A9ZJY6QTR, STM32U5F7VIT6, STM32U5F7VIT6Q, STM32U5F7VJT6, STM32U5F7VJT6Q, STM32U5F9BJY6QTR, STM32U5F9NJH6Q, STM32U5F9VIT6Q, STM32U5F9VJT6Q, STM32U5F9ZIJ6QTR, STM32U5F9ZIT6Q, STM32U5F9ZJJ6QTR, STM32U5F9ZJT6Q, STM32U5G7VJT6, STM32U5G7VJT6Q, STM32U5G9BJY6QTR, STM32U5G9J-DK1, STM32U5G9J-DK2, STM32U5G9NJH6Q, STM32U5G9VJT6Q, STM32U5G9ZJJ6QTR, STM32U5G9ZJT6Q, STM32WB1MMCH6, STM32WBA50KEU6, STM32WBA50KEU6TR, STM32WBA50KGU6, STM32WBA50KGU6TR, STM32WBA52CEU6, STM32WBA52CEU6TR, STM32WBA52CEU7, STM32WBA52CEU7TR, STM32WBA52CGU6, STM32WBA52CGU6TR, STM32WBA52CGU6U, STM32WBA52CGU7, STM32WBA52CGU7TR, STM32WBA52KEU6, STM32WBA52KEU6TR, STM32WBA52KGU6, STM32WBA52KGU6TR, STM32WBA54CEU6, STM32WBA54CEU6TR, STM32WBA54CEU7, STM32WBA54CEU7TR, STM32WBA54CGU6, STM32WBA54CGU6TR, STM32WBA54CGU7, STM32WBA54CGU7TR, STM32WBA54KEU6, STM32WBA54KEU6TR, STM32WBA54KEU7, STM32WBA54KEU7TR, STM32WBA54KGU6, STM32WBA54KGU6TR, STM32WBA54KGU7, STM32WBA54KGU7TR, STM32WBA55CEU6, STM32WBA55CEU6TR, STM32WBA55CEU7, STM32WBA55CEU7TR, STM32WBA55CGU6, STM32WBA55CGU6TR, STM32WBA55CGU6U, STM32WBA55CGU7, STM32WBA55CGU7TR, STM32WBA55G-DK1, STM32WBA55HEF6, STM32WBA55HEF7, STM32WBA55HGF6, STM32WBA55HGF7, STM32WBA55UEI6, STM32WBA55UEI6TR, STM32WBA55UEI7, STM32WBA55UEI7TR, STM32WBA55UGI6, STM32WBA55UGI6TR, STM32WBA55UGI7, STM32WBA55UGI7TR, STM32WL5MOCH6, STM32WL5MOCH6TR]
2024-02-13 22:02:12,824 [INFO] BoardInfo:889 - No configuration file found for board P-NUCLEO-WB55
2024-02-13 22:02:12,826 [INFO] DbBoards:161 - Kit is not supported: P-NUCLEO-WB55
2024-02-13 22:02:12,836 [INFO] BoardInfo:889 - No configuration file found for board STEVAL-BFA001V1B
2024-02-13 22:02:12,837 [INFO] DbBoards:161 - Kit is not supported: STEVAL-BFA001V1B
2024-02-13 22:02:12,839 [INFO] BoardInfo:889 - No configuration file found for board STEVAL-BFA001V2B
2024-02-13 22:02:12,840 [INFO] DbBoards:161 - Kit is not supported: STEVAL-BFA001V2B
2024-02-13 22:02:13,152 [INFO] DbBoards:168 - Found 193 boards, 190 are supported
2024-02-13 22:02:13,152 [INFO] DbBoards:169 - Found 193 boards, 3 of them is supported for  Bsp
2024-02-13 22:02:13,169 [INFO] ApiDb:423 - Load user favorites file C:\Users\nate_/.stm32cubeide/favorites.boards.txt: 1 item(s)
2024-02-13 22:02:13,169 [INFO] ApiDb:427 - User favorites Boards=[NUCLEO-L476RG]
2024-02-13 22:02:13,170 [INFO] DbBoards:198 - Set 1 / 1 favorites Boards
2024-02-13 22:02:13,179 [INFO] ApiDb:668 - CubeFinder database Data Model version=2.1
2024-02-13 22:02:13,179 [INFO] ApiDb:669 - CubeFinder database Configuration version=3.0.39
2024-02-13 22:02:13,179 [INFO] ApiDb:670 - CubeFinder database generation date=2024-01-11 (1704964531)
2024-02-13 22:02:13,181 [INFO] ApiDb:671 - CubeFinder database FW Pack versions=[FP-ATR-ASTRA1_V2.0.0, FP-SNS-FLIGHT1_V5.0.1, FP-SNS-FLIGHT1_V5.0.2, FP-SNS-MOTENV1_V4.3.1, FP-SNS-MOTENV1_V4.3.2, FP-SNS-MOTENVWB1_V1.3.1, FP-SNS-SMARTAG2_V1.2.0, STM32Cube_FW_C0_V1.1.0, STM32Cube_FW_F4_V1.28.0, STM32Cube_FW_F7_V1.17.0, STM32Cube_FW_G0_V1.6.2, STM32Cube_FW_G4_V1.5.2, STM32Cube_FW_H5_V0.5.1, STM32Cube_FW_H5_V1.1.1, STM32Cube_FW_H5_V1.2.0RC2, STM32Cube_FW_H7_V1.11.0, STM32Cube_FW_L0_V1.12.2, STM32Cube_FW_L5_V1.5.0, STM32Cube_FW_U5_V1.3.0RC4, STM32Cube_FW_U5_V1.4.0, STM32Cube_FW_WBA_V1.0.0RC1, STM32Cube_FW_WBA_V1.1.0RC1, STM32Cube_FW_WBA_V1.2.0, STM32Cube_FW_WBA_V1.2.0RC2, STM32Cube_FW_WB_V1.15.0RC1, STM32Cube_FW_WB_V1.16.0, STM32Cube_FW_WB_V1.16.0RC2, STM32Cube_FW_WB_V1.18.0, STM32Cube_FW_WL_V1.3.0, X-CUBE-ALGOBUILD_V1.3.0, X-CUBE-ALS_V1.0.1, X-CUBE-AZRTOS-F4_V1.1.0, X-CUBE-AZRTOS-F7_V1.1.0, X-CUBE-AZRTOS-G0_V1.1.0, X-CUBE-AZRTOS-G4_V2.0.0, X-CUBE-AZRTOS-H7_V3.2.0, X-CUBE-AZRTOS-L4_V1.0.0, X-CUBE-AZRTOS-L4_V2.0.0, X-CUBE-AZRTOS-L5_V1.1.0, X-CUBE-AZRTOS-WB_V2.0.0, X-CUBE-AZRTOS-WL_V2.0.0, X-CUBE-BLE1_V7.0.0, X-CUBE-BLE2_V3.3.0, X-CUBE-BLEMGR_V3.0.0, X-CUBE-EEPRMA1_V4.1.0, X-CUBE-EEPRMA1_V4.2.0, X-CUBE-FREERTOS_V1.1.0, X-CUBE-GNSS1_V6.0.0, X-CUBE-MEMS1_V10.0.0, X-CUBE-MEMS1_V9.1.0, X-CUBE-MEMS1_V9.4.0, X-CUBE-MEMS1_V9.6.0, X-CUBE-NFC4_V3.0.0, X-CUBE-NFC7_V1.0.1, X-CUBE-SFXS2LP1_V4.0.0, X-CUBE-SUBG2_V5.0.0, X-CUBE-TOF1_V3.4.0]
2024-02-13 22:02:14,953 [ERROR] DbExamplesSqlite:437 - Missing JSON key: board_cpn
2024-02-13 22:02:14,953 [ERROR] DbExamplesSqlite:437 - Missing JSON key: board_cpn
2024-02-13 22:02:14,954 [ERROR] DbExamplesSqlite:437 - Missing JSON key: board_cpn
2024-02-13 22:02:14,954 [ERROR] DbExamplesSqlite:437 - Missing JSON key: board_cpn
2024-02-13 22:02:15,024 [INFO] DbExamplesSqlite:395 - Ignored 55 examples not supported by CubeIDE
2024-02-13 22:02:15,024 [INFO] DbExamplesSqlite:396 - Found 7560 examples active
2024-02-13 22:02:15,024 [INFO] DbExamplesSqlite:397 - Found 844 examples obsolete
2024-02-13 22:02:15,024 [INFO] DbExamplesSqlite:398 - Found 0 examples under development
2024-02-13 22:02:15,025 [INFO] DbExamplesSqlite:399 - Found 8 examples not building
2024-02-13 22:02:15,027 [INFO] DbExamples:125 - Found 7513 examples
2024-02-13 22:02:15,045 [INFO] DbExamples:222 - Found 95 boards with related examples
2024-02-13 22:02:15,047 [INFO] DbExamples:235 - Found 80 MCUs with related examples
2024-02-13 22:02:15,079 [INFO] ApiDb:414 - User favorites file not found: C:\Users\nate_/.stm32cubeide/favorites.examples.txt
2024-02-13 22:02:15,080 [INFO] DbExamples:250 - Set 0 / 0 favorites Examples
2024-02-13 22:02:15,981 [INFO] McuFinderGlobals:76 - Set McuFinderConnectedMode to true
2024-02-13 22:02:16,018 [INFO] MultiScanPanel:200 - Auto-refresh data requested => check proxy status ongoing
2024-02-13 22:02:16,035 [INFO] FinderPluginLoader:95 - Searching for filters in installed packs
2024-02-13 22:02:19,167 [INFO] LoadUrlFilesThread:185 - End of LoadServerUrlFiles without Thread
2024-02-13 22:02:19,203 [INFO] DetailPanel:341 - Set advertising image to C:/Users/nate_/STM32Cube/Repository/\en.prom-stm32wl3-mcu-finder.jpg
2024-02-13 22:06:23,591 [INFO] MainUpdater:2873 - connection check result : 10
2024-02-13 22:06:23,593 [INFO] MainUpdater:2873 - connection check result : 10
2024-02-13 22:06:23,746 [INFO] MicroXplorer:468 - Change Database Path : 
2024-02-13 22:06:23,746 [INFO] MicroXplorer:498 - Change Database Version : DB.6.0.100
2024-02-13 22:06:23,764 [WARN] ThirdParty:871 - waiting for thirdparty lock release [close project]
2024-02-13 22:06:23,764 [INFO] ThirdParty:873 - entering critical section [close project]
2024-02-13 22:06:23,772 [INFO] ThirdParty:883 - exiting critical section [close project]
2024-02-13 22:06:23,779 [INFO] PinOutPanel:1499 - setPackage(No Configuration,No Configuration)
2024-02-13 22:06:23,791 [INFO] UtilMem:75 - Begin LoadConfig() Used Memory: 699930992 Bytes (914358272)
2024-02-13 22:06:23,794 [INFO] MicroXplorer:468 - Change Database Path : 
2024-02-13 22:06:23,794 [INFO] MicroXplorer:498 - Change Database Version : DB.6.0.100
2024-02-13 22:06:23,794 [INFO] OpenFileManager:312 - Change cursor
2024-02-13 22:06:23,831 [WARN] IntegrityCheckThread:84 - waiting for thirdparty lock release [integrity check]
2024-02-13 22:06:23,832 [INFO] IntegrityCheckThread:86 - entering critical section [integrity check]
2024-02-13 22:06:24,424 [WARN] PackLoader:240 - Cannot read IP mode file for STMicroelectronics.X-CUBE-SMBUS.2.1.0
2024-02-13 22:06:24,472 [WARN] PackLoader:240 - Cannot read IP mode file for STMicroelectronics.X-CUBE-TOUCHGFX.4.23.0
2024-02-13 22:06:24,562 [WARN] PackLoader:240 - Cannot read IP mode file for STMicroelectronics.X-CUBE-AZRTOS-F7.1.1.0
2024-02-13 22:06:24,601 [ERROR] RealEvaluatedCondition:428 - Found unsupported composite condition: GROUP='STM32_MetaDataManager' CLASS='Data Exchange'
2024-02-13 22:06:24,601 [ERROR] RealEvaluatedCondition:428 - Found unsupported composite condition: CLASS='Data Exchange' GROUP='STM32_MetaDataManager'
2024-02-13 22:06:24,604 [WARN] PackLoader:240 - Cannot read IP mode file for STMicroelectronics.FP-SNS-MOTENV1.4.3.0
2024-02-13 22:06:24,635 [WARN] PackLoader:240 - Cannot read IP mode file for STMicroelectronics.FP-SNS-MOTENV1.4.3.2
2024-02-13 22:06:24,663 [WARN] PackLoader:240 - Cannot read IP mode file for STMicroelectronics.FP-SNS-FLIGHT1.5.0.0
2024-02-13 22:06:24,686 [WARN] PackLoader:240 - Cannot read IP mode file for STMicroelectronics.FP-SNS-FLIGHT1.5.0.1
2024-02-13 22:06:24,720 [WARN] PackLoader:240 - Cannot read IP mode file for STMicroelectronics.X-CUBE-BLE1.6.2.4
2024-02-13 22:06:24,743 [WARN] PackLoader:240 - Cannot read IP mode file for STMicroelectronics.FP-SNS-FLIGHT1.5.0.2
2024-02-13 22:06:24,785 [WARN] PackLoader:240 - Cannot read IP mode file for STMicroelectronics.X-CUBE-DISPLAY.3.0.0
2024-02-13 22:06:24,820 [WARN] PackLoader:240 - Cannot read IP mode file for STMicroelectronics.X-CUBE-BLE1.7.0.0
2024-02-13 22:06:24,844 [WARN] PackLoader:240 - Cannot read IP mode file for STMicroelectronics.X-CUBE-TOUCHGFX.4.22.0
2024-02-13 22:06:24,876 [WARN] PackLoader:240 - Cannot read IP mode file for STMicroelectronics.FP-SNS-SMARTAG2.1.2.0
2024-02-13 22:06:24,926 [INFO] LogOutputStream:77 - [STDOUT_REDIRECT] 1 : Invalid condition id : UX_CORESTACK_Condition cause : null
2024-02-13 22:06:24,929 [INFO] LogOutputStream:77 - [STDOUT_REDIRECT] 1 : Invalid condition id : UX_CORESTACK_Condition cause : null
2024-02-13 22:06:24,933 [INFO] LogOutputStream:77 - [STDOUT_REDIRECT] 1 : Invalid condition id : UX_CORESTACK_Condition cause : null
2024-02-13 22:06:24,935 [INFO] LogOutputStream:77 - [STDOUT_REDIRECT] 1 : Invalid condition id : UX_CORESTACK_Condition cause : null
2024-02-13 22:06:24,939 [INFO] LogOutputStream:77 - [STDOUT_REDIRECT] 1 : Invalid condition id : UX_CORESTACK_Condition cause : null
2024-02-13 22:06:24,950 [WARN] PackLoader:240 - Cannot read IP mode file for STMicroelectronics.X-CUBE-AZRTOS-WL.2.0.0
2024-02-13 22:06:25,071 [WARN] PackLoader:240 - Cannot read IP mode file for WES.I-CUBE-Cesium.1.3.0
2024-02-13 22:06:25,093 [WARN] PackLoader:240 - Cannot read IP mode file for STMicroelectronics.X-CUBE-BLE2.3.3.0
2024-02-13 22:06:25,127 [WARN] PackLoader:240 - Cannot read IP mode file for STMicroelectronics.X-CUBE-TOF1.3.2.0
2024-02-13 22:06:25,163 [WARN] PackLoader:240 - Cannot read IP mode file for STMicroelectronics.X-CUBE-TOUCHGFX.4.21.1
2024-02-13 22:06:25,184 [WARN] PackLoader:240 - Cannot read IP mode file for STMicroelectronics.X-CUBE-TOUCHGFX.4.21.3
2024-02-13 22:06:25,209 [WARN] PackLoader:240 - Cannot read IP mode file for STMicroelectronics.X-CUBE-ALGOBUILD.1.3.0
2024-02-13 22:06:25,289 [WARN] PackLoader:240 - Cannot read IP mode file for STMicroelectronics.X-CUBE-AZRTOS-G0.1.1.0
2024-02-13 22:06:25,316 [WARN] PackLoader:240 - Cannot read IP mode file for STMicroelectronics.X-CUBE-NFC4.3.0.0
2024-02-13 22:06:25,348 [WARN] PackLoader:240 - Cannot read IP mode file for STMicroelectronics.X-CUBE-BLEMGR.3.0.0
2024-02-13 22:06:25,379 [WARN] PackLoader:240 - Cannot read IP mode file for STMicroelectronics.FP-ATR-SIGFOX1.3.2.0
2024-02-13 22:06:25,402 [WARN] PackLoader:240 - Cannot read IP mode file for STMicroelectronics.X-CUBE-EEPRMA1.5.1.0
2024-02-13 22:06:25,490 [WARN] PackLoader:240 - Cannot read IP mode file for STMicroelectronics.X-CUBE-MEMS1.9.5.0
2024-02-13 22:06:25,806 [WARN] PackLoader:240 - Cannot read IP mode file for SEGGER.I-CUBE-embOS.1.3.1
2024-02-13 22:06:25,889 [WARN] PackLoader:240 - Cannot read IP mode file for STMicroelectronics.X-CUBE-GNSS1.6.0.0
2024-02-13 22:06:25,935 [WARN] PackLoader:240 - Cannot read IP mode file for STMicroelectronics.X-CUBE-AZRTOS-F4.1.1.0
2024-02-13 22:06:25,989 [WARN] PackLoader:240 - Cannot read IP mode file for STMicroelectronics.X-CUBE-AZRTOS-L5.2.0.0
2024-02-13 22:06:26,096 [WARN] PackLoader:240 - Cannot read IP mode file for STMicroelectronics.X-CUBE-MEMS1.9.6.0
2024-02-13 22:06:26,459 [WARN] PackLoader:240 - Cannot read IP mode file for STMicroelectronics.X-CUBE-EEPRMA1.4.2.0
2024-02-13 22:06:26,489 [WARN] PackLoader:240 - Cannot read IP mode file for ITTIA_DB.I-CUBE-ITTIADB.8.8.0
2024-02-13 22:06:26,520 [WARN] PackLoader:240 - Cannot read IP mode file for emotas.I-CUBE-CANOPEN.1.1.3
2024-02-13 22:06:26,556 [WARN] PackLoader:240 - Cannot read IP mode file for STMicroelectronics.X-CUBE-BLEMGR.2.0.0
2024-02-13 22:06:26,628 [WARN] ConditionMgr:438 - getConditionDescription Invalid condition id : UX DEVICE CLASS RTOS Condition cause : null
2024-02-13 22:06:26,629 [WARN] ConditionMgr:438 - getConditionDescription Invalid condition id : UX DEVICE CLASS RTOS Condition cause : null
2024-02-13 22:06:26,636 [WARN] PackLoader:240 - Cannot read IP mode file for STMicroelectronics.X-CUBE-AZRTOS-H7.3.1.0
2024-02-13 22:06:26,637 [WARN] ConditionMgr:1039 - genDependencies : Invalid condition id : UX DEVICE CLASS RTOS Condition cause : null
2024-02-13 22:06:26,638 [WARN] ConditionMgr:1039 - genDependencies : Invalid condition id : UX DEVICE CLASS RTOS Condition cause : null
2024-02-13 22:06:26,639 [WARN] ConditionMgr:1039 - genDependencies : Invalid condition id : UX DEVICE CLASS RTOS Condition cause : null
2024-02-13 22:06:26,639 [WARN] ConditionMgr:1039 - genDependencies : Invalid condition id : UX DEVICE CLASS RTOS Condition cause : null
2024-02-13 22:06:26,640 [WARN] ConditionMgr:1039 - genDependencies : Invalid condition id : UX DEVICE CLASS RTOS Condition cause : null
2024-02-13 22:06:26,665 [WARN] PackLoader:240 - Cannot read IP mode file for wolfSSL.I-CUBE-wolfSSL.5.5.4
2024-02-13 22:06:26,694 [WARN] PackLoader:240 - Cannot read IP mode file for STMicroelectronics.X-CUBE-NFC7.1.0.1
2024-02-13 22:06:26,718 [WARN] PackLoader:240 - Cannot read IP mode file for STMicroelectronics.X-CUBE-NFC7.1.0.0
2024-02-13 22:06:26,753 [WARN] PackLoader:240 - Cannot read IP mode file for STMicroelectronics.X-CUBE-NFC6.3.0.0
2024-02-13 22:06:26,781 [WARN] PackLoader:240 - Cannot read IP mode file for STMicroelectronics.X-CUBE-EEPRMA1.4.1.0
2024-02-13 22:06:26,846 [WARN] PackLoader:240 - Cannot read IP mode file for STMicroelectronics.X-CUBE-AI.8.1.0
2024-02-13 22:06:26,914 [WARN] ConditionMgr:438 - getConditionDescription Invalid condition id : LAN8742 Phy interface Condition cause : null
2024-02-13 22:06:26,916 [WARN] PackLoader:240 - Cannot read IP mode file for STMicroelectronics.X-CUBE-AZRTOS-L4.2.0.0
2024-02-13 22:06:26,919 [WARN] ConditionMgr:1039 - genDependencies : Invalid condition id : LAN8742 Phy interface Condition cause : null
2024-02-13 22:06:26,920 [WARN] ConditionMgr:1039 - genDependencies : Invalid condition id : LAN8742 Phy interface Condition cause : null
2024-02-13 22:06:26,921 [WARN] ConditionMgr:1039 - genDependencies : Invalid condition id : LAN8742 Phy interface Condition cause : null
2024-02-13 22:06:26,950 [WARN] PackLoader:240 - Cannot read IP mode file for STMicroelectronics.X-CUBE-SFXS2LP1.4.0.0
2024-02-13 22:06:27,033 [WARN] PackLoader:240 - Cannot read IP mode file for STMicroelectronics.X-CUBE-AZRTOS-H7.3.0.0
2024-02-13 22:06:27,067 [WARN] PackLoader:240 - Cannot read IP mode file for STMicroelectronics.X-CUBE-ISPU.1.1.0
2024-02-13 22:06:27,099 [WARN] PackLoader:240 - Cannot read IP mode file for RoweBots.I-CUBE-UNISONRTOS.5.5.0-4
2024-02-13 22:06:27,123 [WARN] PackLoader:240 - Cannot read IP mode file for STMicroelectronics.X-CUBE-AI.8.0.0
2024-02-13 22:06:27,180 [WARN] ConditionMgr:438 - getConditionDescription Invalid condition id : UX DEVICE CLASS RTOS Condition cause : null
2024-02-13 22:06:27,181 [WARN] ConditionMgr:438 - getConditionDescription Invalid condition id : UX DEVICE CLASS RTOS Condition cause : null
2024-02-13 22:06:27,187 [WARN] PackLoader:240 - Cannot read IP mode file for STMicroelectronics.X-CUBE-AZRTOS-WB.2.0.0
2024-02-13 22:06:27,188 [WARN] ConditionMgr:1039 - genDependencies : Invalid condition id : UX DEVICE CLASS RTOS Condition cause : null
2024-02-13 22:06:27,189 [WARN] ConditionMgr:1039 - genDependencies : Invalid condition id : UX DEVICE CLASS RTOS Condition cause : null
2024-02-13 22:06:27,190 [WARN] ConditionMgr:1039 - genDependencies : Invalid condition id : UX DEVICE CLASS RTOS Condition cause : null
2024-02-13 22:06:27,190 [WARN] ConditionMgr:1039 - genDependencies : Invalid condition id : UX DEVICE CLASS RTOS Condition cause : null
2024-02-13 22:06:27,190 [WARN] ConditionMgr:1039 - genDependencies : Invalid condition id : UX DEVICE CLASS RTOS Condition cause : null
2024-02-13 22:06:27,221 [WARN] PackLoader:240 - Cannot read IP mode file for STMicroelectronics.X-CUBE-FREERTOS.1.0.0
2024-02-13 22:06:27,242 [WARN] PackLoader:240 - Cannot read IP mode file for STMicroelectronics.X-CUBE-FREERTOS.1.0.1
2024-02-13 22:06:27,288 [WARN] PackLoader:240 - Cannot read IP mode file for STMicroelectronics.X-CUBE-AZRTOS-L5.1.1.0
2024-02-13 22:06:27,310 [WARN] PackLoader:240 - Cannot read IP mode file for STMicroelectronics.X-CUBE-AI.8.0.1
2024-02-13 22:06:27,345 [WARN] PackLoader:240 - Cannot read IP mode file for STMicroelectronics.X-CUBE-SUBG2.5.0.0
2024-02-13 22:06:27,426 [WARN] PackLoader:240 - Cannot read IP mode file for STMicroelectronics.X-CUBE-AZRTOS-G4.2.0.0
2024-02-13 22:06:27,461 [WARN] PackLoader:240 - Cannot read IP mode file for STMicroelectronics.X-CUBE-TOF1.3.3.0
2024-02-13 22:06:27,492 [WARN] PackLoader:240 - Cannot read IP mode file for STMicroelectronics.FP-ATR-ASTRA1.1.1.1
2024-02-13 22:06:27,530 [WARN] PackLoader:240 - Cannot read IP mode file for Infineon.AIROC-Wi-Fi-Bluetooth-STM32.1.5.1
2024-02-13 22:06:27,559 [WARN] PackLoader:240 - Cannot read IP mode file for STMicroelectronics.FP-SNS-MOTENVWB1.1.3.1
2024-02-13 22:06:27,598 [WARN] PackLoader:240 - Cannot read IP mode file for STMicroelectronics.X-CUBE-AZRTOS-G4.1.0.0
2024-02-13 22:06:27,657 [WARN] PackLoader:240 - Cannot read IP mode file for STMicroelectronics.X-CUBE-AZRTOS-L4.1.0.0
2024-02-13 22:06:27,678 [WARN] PackLoader:240 - Cannot read IP mode file for STMicroelectronics.X-CUBE-ISPU.2.0.0
2024-02-13 22:06:27,784 [WARN] PackLoader:240 - Cannot read IP mode file for STMicroelectronics.X-CUBE-MEMS1.10.0.0
2024-02-13 22:06:28,003 [WARN] PackLoader:240 - Cannot read IP mode file for STMicroelectronics.X-CUBE-FREERTOS.1.1.0
2024-02-13 22:06:28,038 [WARN] PackLoader:240 - Cannot read IP mode file for STMicroelectronics.X-CUBE-AZRTOS-WL.1.0.0
2024-02-13 22:06:28,061 [WARN] PackLoader:240 - Cannot read IP mode file for portGmbH.I-Cube-SoM-uGOAL.1.1.0
2024-02-13 22:06:28,083 [WARN] PackLoader:240 - Cannot read IP mode file for STMicroelectronics.X-CUBE-ALS.1.0.1
2024-02-13 22:06:28,135 [WARN] PackLoader:240 - Cannot read IP mode file for STMicroelectronics.X-CUBE-AZRTOS-WB.1.1.0
2024-02-13 22:06:28,158 [WARN] PackLoader:240 - Cannot read IP mode file for STMicroelectronics.FP-ATR-ASTRA1.2.0.0
2024-02-13 22:06:28,190 [WARN] PackLoader:240 - Cannot read IP mode file for STMicroelectronics.X-CUBE-TOF1.3.4.0
2024-02-13 22:06:28,259 [WARN] PackLoader:240 - Cannot read IP mode file for STMicroelectronics.X-CUBE-AZRTOS-H7.3.2.0
2024-02-13 22:06:28,263 [INFO] ThirdParty:978 - Integrity check success = true
2024-02-13 22:06:28,263 [INFO] IntegrityCheckThread:100 - exiting critical section [integrity check]
2024-02-13 22:06:28,263 [INFO] IntegrityCheckThread:103 - End integrity checks thread
2024-02-13 22:06:28,362 [INFO] Mcu:2016 - Initializing MCU STM32G031F8Px STM32G031F8Px STM32G031F8P6
2024-02-13 22:06:32,146 [INFO] Context:659 - Trying to add GPIOservice into a context  which must be forbidden
2024-02-13 22:06:32,829 [INFO] ImportTextPane:194 - (OptionalMessage_ERROR) Unable to find key (Mcu.ThirdPartyNb) in loaded IOC file
2024-02-13 22:06:32,829 [INFO] ImportTextPane:194 - (OptionalMessage_ERROR) Unable to find key (Mcu.PinsNb) in loaded IOC file
2024-02-13 22:06:32,829 [INFO] ImportTextPane:194 - (OptionalMessage_ERROR) Unable to find key (Mcu.IPNb) in loaded IOC file
2024-02-13 22:06:33,295 [INFO] RtosManager:555 - Registered RTOS mode: class=CMSIS, group=RTOS, mode=CMSIS_V1, owner=FREERTOS
2024-02-13 22:06:33,296 [INFO] RtosManager:555 - Registered RTOS mode: class=CMSIS, group=RTOS2, mode=CMSIS_V2, owner=FREERTOS
2024-02-13 22:06:33,296 [INFO] RtosManager:555 - Registered RTOS mode: class=RTOS, group=Core, mode=CMSIS_V1, owner=FREERTOS
2024-02-13 22:06:33,296 [INFO] RtosManager:555 - Registered RTOS mode: class=RTOS, group=Core, mode=CMSIS_V2, owner=FREERTOS
2024-02-13 22:06:33,296 [WARN] ModelIntegratedComponent:184 - Missing modes for component STMicroelectronics:FreeRTOS:0.0.1:STMicroelectronics:RTOS:FreeRTOS:Core:::10.2.0:
2024-02-13 22:06:33,324 [WARN] ModelIntegratedComponent:63 - No mode defined for component null
2024-02-13 22:06:33,324 [WARN] ModelIntegratedComponent:63 - No mode defined for component null
2024-02-13 22:06:33,324 [WARN] ModelIntegratedComponent:63 - No mode defined for component null
2024-02-13 22:06:33,324 [WARN] ModelIntegratedComponent:63 - No mode defined for component null
2024-02-13 22:06:33,325 [WARN] ModelIntegratedComponent:63 - No mode defined for component null
2024-02-13 22:06:33,325 [WARN] ModelIntegratedComponent:63 - No mode defined for component null
2024-02-13 22:06:33,325 [WARN] ModelIntegratedComponent:63 - No mode defined for component null
2024-02-13 22:06:33,325 [WARN] ModelIntegratedComponent:63 - No mode defined for component null
2024-02-13 22:06:33,325 [WARN] ModelIntegratedComponent:63 - No mode defined for component null
2024-02-13 22:06:33,325 [WARN] ModelIntegratedComponent:63 - No mode defined for component null
2024-02-13 22:06:33,325 [WARN] ModelIntegratedComponent:63 - No mode defined for component null
2024-02-13 22:06:33,325 [WARN] ModelIntegratedComponent:63 - No mode defined for component null
2024-02-13 22:06:33,325 [WARN] ModelIntegratedComponent:63 - No mode defined for component null
2024-02-13 22:06:33,325 [WARN] ModelIntegratedComponent:63 - No mode defined for component null
2024-02-13 22:06:33,326 [WARN] ModelIntegratedComponent:63 - No mode defined for component null
2024-02-13 22:06:33,326 [WARN] ModelIntegratedComponent:63 - No mode defined for component null
2024-02-13 22:06:33,326 [WARN] ModelIntegratedComponent:63 - No mode defined for component null
2024-02-13 22:06:33,326 [WARN] ModelIntegratedComponent:63 - No mode defined for component null
2024-02-13 22:06:33,326 [WARN] ModelIntegratedComponent:63 - No mode defined for component null
2024-02-13 22:06:33,326 [WARN] ModelIntegratedComponent:63 - No mode defined for component null
2024-02-13 22:06:33,326 [WARN] ModelIntegratedComponent:63 - No mode defined for component null
2024-02-13 22:06:33,326 [WARN] ModelIntegratedComponent:63 - No mode defined for component null
2024-02-13 22:06:33,327 [WARN] ModelIntegratedComponent:63 - No mode defined for component null
2024-02-13 22:06:33,327 [WARN] ModelIntegratedComponent:63 - No mode defined for component null
2024-02-13 22:06:33,327 [WARN] ModelIntegratedComponent:63 - No mode defined for component null
2024-02-13 22:06:33,327 [WARN] ModelIntegratedComponent:63 - No mode defined for component null
2024-02-13 22:06:33,327 [WARN] ModelIntegratedComponent:63 - No mode defined for component null
2024-02-13 22:06:33,327 [WARN] ModelIntegratedComponent:63 - No mode defined for component null
2024-02-13 22:06:33,327 [WARN] ModelIntegratedComponent:63 - No mode defined for component null
2024-02-13 22:06:33,327 [WARN] ModelIntegratedComponent:63 - No mode defined for component null
2024-02-13 22:06:33,327 [WARN] ModelIntegratedComponent:63 - No mode defined for component null
2024-02-13 22:06:33,327 [WARN] ModelIntegratedComponent:63 - No mode defined for component null
2024-02-13 22:06:33,327 [WARN] ModelIntegratedComponent:63 - No mode defined for component null
2024-02-13 22:06:33,608 [INFO] ThirdPartyModel:298 - Start build external matchings
2024-02-13 22:06:36,465 [INFO] ThirdPartyModel:316 - End build external matchings
2024-02-13 22:06:37,000 [INFO] UtilMem:75 - End LoadConfig() Used Memory: 817828432 Bytes (1073741824)
2024-02-13 22:06:37,173 [INFO] MicroXplorer:468 - Change Database Path : 
2024-02-13 22:06:37,173 [INFO] MicroXplorer:498 - Change Database Version : DB.6.0.100
2024-02-13 22:06:37,174 [WARN] ThirdParty:833 - waiting for thirdparty lock release [change project]
2024-02-13 22:06:37,174 [INFO] ThirdParty:835 - entering critical section [change project]
2024-02-13 22:06:37,174 [INFO] ThirdParty:1030 - CMSIS Pack Vendor :STMicroelectronics X-CUBE-ISPU 1.1.0
2024-02-13 22:06:37,174 [INFO] ThirdParty:1030 - CMSIS Pack Vendor :STMicroelectronics USBPD 4.1
2024-02-13 22:06:37,174 [INFO] ThirdParty:1030 - CMSIS Pack Vendor :RoweBots I-CUBE-UNISONRTOS 5.5.0-4
2024-02-13 22:06:37,174 [INFO] ThirdParty:1030 - CMSIS Pack Vendor :STMicroelectronics X-CUBE-GNSS1 6.0.0
2024-02-13 22:06:37,174 [INFO] ThirdParty:1030 - CMSIS Pack Vendor :STMicroelectronics USB_HOST 2.0.0
2024-02-13 22:06:37,174 [INFO] ThirdParty:1030 - CMSIS Pack Vendor :STMicroelectronics X-CUBE-AZRTOS-F4 1.1.0
2024-02-13 22:06:37,174 [INFO] ThirdParty:1030 - CMSIS Pack Vendor :STMicroelectronics LIBJPEG 8.0.0
2024-02-13 22:06:37,175 [INFO] ThirdParty:1030 - CMSIS Pack Vendor :STMicroelectronics X-CUBE-SMBUS 2.1.0
2024-02-13 22:06:37,175 [INFO] ThirdParty:1030 - CMSIS Pack Vendor :STMicroelectronics USB_DEVICE 3.0.0
2024-02-13 22:06:37,175 [INFO] ThirdParty:1030 - CMSIS Pack Vendor :STMicroelectronics X-CUBE-AI 8.0.0
2024-02-13 22:06:37,175 [INFO] ThirdParty:1030 - CMSIS Pack Vendor :STMicroelectronics X-CUBE-AZRTOS-WB 2.0.0
2024-02-13 22:06:37,175 [INFO] ThirdParty:1030 - CMSIS Pack Vendor :STMicroelectronics X-CUBE-FREERTOS 1.0.0
2024-02-13 22:06:37,175 [INFO] ThirdParty:1030 - CMSIS Pack Vendor :STMicroelectronics X-CUBE-FREERTOS 1.0.1
2024-02-13 22:06:37,175 [INFO] ThirdParty:1030 - CMSIS Pack Vendor :STMicroelectronics X-CUBE-TOUCHGFX 4.21.1
2024-02-13 22:06:37,175 [INFO] ThirdParty:1030 - CMSIS Pack Vendor :STMicroelectronics X-CUBE-TOUCHGFX 4.21.3
2024-02-13 22:06:37,175 [INFO] ThirdParty:1030 - CMSIS Pack Vendor :STMicroelectronics X-CUBE-TOUCHGFX 4.23.0
2024-02-13 22:06:37,175 [INFO] ThirdParty:1030 - CMSIS Pack Vendor :STMicroelectronics X-CUBE-AZRTOS-F7 1.1.0
2024-02-13 22:06:37,175 [INFO] ThirdParty:1030 - CMSIS Pack Vendor :STMicroelectronics X-CUBE-AZRTOS-L5 2.0.0
2024-02-13 22:06:37,175 [INFO] ThirdParty:1030 - CMSIS Pack Vendor :STMicroelectronics USB_DEVICE 2.0.0
2024-02-13 22:06:37,175 [INFO] ThirdParty:1030 - CMSIS Pack Vendor :STMicroelectronics X-CUBE-MEMS1 9.6.0
2024-02-13 22:06:37,176 [INFO] ThirdParty:1030 - CMSIS Pack Vendor :STMicroelectronics X-CUBE-EEPRMA1 4.2.0
2024-02-13 22:06:37,176 [INFO] ThirdParty:1030 - CMSIS Pack Vendor :ITTIA_DB I-CUBE-ITTIADB 8.8.0
2024-02-13 22:06:37,176 [INFO] ThirdParty:1030 - CMSIS Pack Vendor :STMicroelectronics FP-SNS-MOTENV1 4.3.0
2024-02-13 22:06:37,176 [INFO] ThirdParty:1030 - CMSIS Pack Vendor :STMicroelectronics FP-SNS-MOTENV1 4.3.2
2024-02-13 22:06:37,176 [INFO] ThirdParty:1030 - CMSIS Pack Vendor :STMicroelectronics FP-SNS-FLIGHT1 5.0.0
2024-02-13 22:06:37,176 [INFO] ThirdParty:1030 - CMSIS Pack Vendor :STMicroelectronics FP-SNS-FLIGHT1 5.0.1
2024-02-13 22:06:37,176 [INFO] ThirdParty:1030 - CMSIS Pack Vendor :STMicroelectronics X-CUBE-ALGOBUILD 1.3.0
2024-02-13 22:06:37,176 [INFO] ThirdParty:1030 - CMSIS Pack Vendor :STMicroelectronics X-CUBE-BLE1 6.2.4
2024-02-13 22:06:37,176 [INFO] ThirdParty:1030 - CMSIS Pack Vendor :STMicroelectronics X-CUBE-AZRTOS-L5 1.1.0
2024-02-13 22:06:37,176 [INFO] ThirdParty:1030 - CMSIS Pack Vendor :STMicroelectronics FreeRTOS 0.0.1
2024-02-13 22:06:37,177 [INFO] ThirdParty:1030 - CMSIS Pack Vendor :STMicroelectronics X-CUBE-AZRTOS-G0 1.1.0
2024-02-13 22:06:37,177 [INFO] ThirdParty:1030 - CMSIS Pack Vendor :emotas I-CUBE-CANOPEN 1.1.3
2024-02-13 22:06:37,177 [INFO] ThirdParty:1030 - CMSIS Pack Vendor :STMicroelectronics X-CUBE-BLEMGR 2.0.0
2024-02-13 22:06:37,177 [INFO] ThirdParty:1030 - CMSIS Pack Vendor :STMicroelectronics X-CUBE-AI 8.0.1
2024-02-13 22:06:37,177 [INFO] ThirdParty:1030 - CMSIS Pack Vendor :STMicroelectronics X-CUBE-NFC4 3.0.0
2024-02-13 22:06:37,177 [INFO] ThirdParty:1030 - CMSIS Pack Vendor :STMicroelectronics X-CUBE-SUBG2 5.0.0
2024-02-13 22:06:37,178 [INFO] ThirdParty:1030 - CMSIS Pack Vendor :STMicroelectronics STM32_WPAN 1.0.0
2024-02-13 22:06:37,178 [INFO] ThirdParty:1030 - CMSIS Pack Vendor :STMicroelectronics lwIP 2.0.3
2024-02-13 22:06:37,178 [INFO] ThirdParty:1030 - CMSIS Pack Vendor :STMicroelectronics FP-SNS-FLIGHT1 5.0.2
2024-02-13 22:06:37,178 [INFO] ThirdParty:1030 - CMSIS Pack Vendor :STMicroelectronics USB_HOST 1.0.0
2024-02-13 22:06:37,178 [INFO] ThirdParty:1030 - CMSIS Pack Vendor :STMicroelectronics X-CUBE-AZRTOS-G4 2.0.0
2024-02-13 22:06:37,178 [INFO] ThirdParty:1030 - CMSIS Pack Vendor :STMicroelectronics PDM2PCM 3.1.0
2024-02-13 22:06:37,178 [INFO] ThirdParty:1030 - CMSIS Pack Vendor :STMicroelectronics X-CUBE-AZRTOS-H7 3.1.0
2024-02-13 22:06:37,178 [INFO] ThirdParty:1030 - CMSIS Pack Vendor :STMicroelectronics X-CUBE-TOF1 3.3.0
2024-02-13 22:06:37,179 [INFO] ThirdParty:1030 - CMSIS Pack Vendor :STMicroelectronics FP-ATR-ASTRA1 1.1.1
2024-02-13 22:06:37,179 [INFO] ThirdParty:1030 - CMSIS Pack Vendor :Infineon AIROC-Wi-Fi-Bluetooth-STM32 1.5.1
2024-02-13 22:06:37,179 [INFO] ThirdParty:1030 - CMSIS Pack Vendor :STMicroelectronics X-CUBE-BLEMGR 3.0.0
2024-02-13 22:06:37,179 [INFO] ThirdParty:1030 - CMSIS Pack Vendor :STMicroelectronics PDM2PCM 3.3.0
2024-02-13 22:06:37,179 [INFO] ThirdParty:1030 - CMSIS Pack Vendor :STMicroelectronics X-CUBE-DISPLAY 3.0.0
2024-02-13 22:06:37,179 [INFO] ThirdParty:1030 - CMSIS Pack Vendor :STMicroelectronics FP-SNS-MOTENVWB1 1.3.1
2024-02-13 22:06:37,179 [INFO] ThirdParty:1030 - CMSIS Pack Vendor :STMicroelectronics X-CUBE-BLE1 7.0.0
2024-02-13 22:06:37,180 [INFO] ThirdParty:1030 - CMSIS Pack Vendor :STMicroelectronics FP-ATR-SIGFOX1 3.2.0
2024-02-13 22:06:37,180 [INFO] ThirdParty:1030 - CMSIS Pack Vendor :STMicroelectronics X-CUBE-AZRTOS-G4 1.0.0
2024-02-13 22:06:37,180 [INFO] ThirdParty:1030 - CMSIS Pack Vendor :wolfSSL I-CUBE-wolfSSL 5.5.4
2024-02-13 22:06:37,180 [INFO] ThirdParty:1030 - CMSIS Pack Vendor :STMicroelectronics X-CUBE-AZRTOS-L4 1.0.0
2024-02-13 22:06:37,180 [INFO] ThirdParty:1030 - CMSIS Pack Vendor :STMicroelectronics X-CUBE-ISPU 2.0.0
2024-02-13 22:06:37,180 [INFO] ThirdParty:1030 - CMSIS Pack Vendor :STMicroelectronics X-CUBE-EEPRMA1 5.1.0
2024-02-13 22:06:37,180 [INFO] ThirdParty:1030 - CMSIS Pack Vendor :STMicroelectronics HAL Drivers 0.0.0
2024-02-13 22:06:37,180 [INFO] ThirdParty:1030 - CMSIS Pack Vendor :STMicroelectronics MBEDTLS 2.16.2
2024-02-13 22:06:37,180 [INFO] ThirdParty:1030 - CMSIS Pack Vendor :STMicroelectronics X-CUBE-MEMS1 10.0.0
2024-02-13 22:06:37,180 [INFO] ThirdParty:1030 - CMSIS Pack Vendor :STMicroelectronics X-CUBE-FREERTOS 1.1.0
2024-02-13 22:06:37,180 [INFO] ThirdParty:1030 - CMSIS Pack Vendor :STMicroelectronics X-CUBE-TOUCHGFX 4.22.0
2024-02-13 22:06:37,181 [INFO] ThirdParty:1030 - CMSIS Pack Vendor :STMicroelectronics X-CUBE-NFC7 1.0.1
2024-02-13 22:06:37,181 [INFO] ThirdParty:1030 - CMSIS Pack Vendor :STMicroelectronics MBEDTLS 2.14.1
2024-02-13 22:06:37,182 [INFO] ThirdParty:1030 - CMSIS Pack Vendor :STMicroelectronics X-CUBE-NFC7 1.0.0
2024-02-13 22:06:37,182 [INFO] ThirdParty:1030 - CMSIS Pack Vendor :STMicroelectronics X-CUBE-AZRTOS-WL 1.0.0
2024-02-13 22:06:37,182 [INFO] ThirdParty:1030 - CMSIS Pack Vendor :STMicroelectronics X-CUBE-NFC6 3.0.0
2024-02-13 22:06:37,183 [INFO] ThirdParty:1030 - CMSIS Pack Vendor :STMicroelectronics X-CUBE-EEPRMA1 4.1.0
2024-02-13 22:06:37,183 [INFO] ThirdParty:1030 - CMSIS Pack Vendor :portGmbH I-Cube-SoM-uGOAL 1.1.0
2024-02-13 22:06:37,183 [INFO] ThirdParty:1030 - CMSIS Pack Vendor :STMicroelectronics X-CUBE-ALS 1.0.1
2024-02-13 22:06:37,183 [INFO] ThirdParty:1030 - CMSIS Pack Vendor :STMicroelectronics X-CUBE-MEMS1 9.5.0
2024-02-13 22:06:37,183 [INFO] ThirdParty:1030 - CMSIS Pack Vendor :STMicroelectronics ThreadX 1.0.0
2024-02-13 22:06:37,183 [INFO] ThirdParty:1030 - CMSIS Pack Vendor :STMicroelectronics FP-SNS-SMARTAG2 1.2.0
2024-02-13 22:06:37,183 [INFO] ThirdParty:1030 - CMSIS Pack Vendor :STMicroelectronics X-CUBE-AZRTOS-WB 1.1.0
2024-02-13 22:06:37,184 [INFO] ThirdParty:1030 - CMSIS Pack Vendor :STMicroelectronics X-CUBE-AZRTOS-WL 2.0.0
2024-02-13 22:06:37,184 [INFO] ThirdParty:1030 - CMSIS Pack Vendor :SEGGER I-CUBE-embOS 1.3.1
2024-02-13 22:06:37,184 [INFO] ThirdParty:1030 - CMSIS Pack Vendor :STMicroelectronics USB_DEVICE 1.0.0
2024-02-13 22:06:37,184 [INFO] ThirdParty:1030 - CMSIS Pack Vendor :STMicroelectronics X-CUBE-AI 8.1.0
2024-02-13 22:06:37,184 [INFO] ThirdParty:1030 - CMSIS Pack Vendor :STMicroelectronics X-CUBE-AZRTOS-L4 2.0.0
2024-02-13 22:06:37,184 [INFO] ThirdParty:1030 - CMSIS Pack Vendor :STMicroelectronics ThreadX 0.0.2
2024-02-13 22:06:37,184 [INFO] ThirdParty:1030 - CMSIS Pack Vendor :WES I-CUBE-Cesium 1.3.0
2024-02-13 22:06:37,184 [INFO] ThirdParty:1030 - CMSIS Pack Vendor :STMicroelectronics FP-ATR-ASTRA1 2.0.0
2024-02-13 22:06:37,184 [INFO] ThirdParty:1030 - CMSIS Pack Vendor :STMicroelectronics lwIP 2.1.2
2024-02-13 22:06:37,184 [INFO] ThirdParty:1030 - CMSIS Pack Vendor :STMicroelectronics X-CUBE-SFXS2LP1 4.0.0
2024-02-13 22:06:37,184 [INFO] ThirdParty:1030 - CMSIS Pack Vendor :STMicroelectronics X-CUBE-BLE2 3.3.0
2024-02-13 22:06:37,185 [INFO] ThirdParty:1030 - CMSIS Pack Vendor :STMicroelectronics X-CUBE-TOF1 3.4.0
2024-02-13 22:06:37,185 [INFO] ThirdParty:1030 - CMSIS Pack Vendor :STMicroelectronics X-CUBE-TOF1 3.2.0
2024-02-13 22:06:37,185 [INFO] ThirdParty:1030 - CMSIS Pack Vendor :STMicroelectronics X-CUBE-AZRTOS-H7 3.2.0
2024-02-13 22:06:37,185 [INFO] ThirdParty:1030 - CMSIS Pack Vendor :STMicroelectronics PDM2PCM 3.2.0
2024-02-13 22:06:37,185 [INFO] ThirdParty:1030 - CMSIS Pack Vendor :STMicroelectronics X-CUBE-AZRTOS-H7 3.0.0
2024-02-13 22:06:37,185 [INFO] ThirdParty:841 - exiting critical section [change project]
2024-02-13 22:06:37,734 [INFO] PinOutPanel:1499 - setPackage(No Configuration,No Configuration)
2024-02-13 22:06:37,738 [INFO] PinOutPanel:1499 - setPackage(STM32G031F8Px,TSSOP20)
2024-02-13 22:06:38,675 [INFO] UtilMem:75 - Before build in PCC Used Memory: 933644384 Bytes (1073741824)
2024-02-13 22:06:41,171 [INFO] UtilMem:75 - After build in PCC Used Memory: 638091056 Bytes (1073741824)
2024-02-13 22:06:41,225 [INFO] IPUIPlugin:80 - create IPUIPlugin
2024-02-13 22:06:41,226 [INFO] IPUIPlugin:80 - create IPUIPlugin
2024-02-13 22:06:41,228 [INFO] IPUIPlugin:80 - create IPUIPlugin
2024-02-13 22:06:41,231 [INFO] IPUIPlugin:80 - create IPUIPlugin
2024-02-13 22:06:41,232 [INFO] IPUIPlugin:80 - create IPUIPlugin
2024-02-13 22:06:41,236 [INFO] IPUIPlugin:80 - create IPUIPlugin
2024-02-13 22:06:41,238 [INFO] IPUIPlugin:80 - create IPUIPlugin
2024-02-13 22:06:41,238 [INFO] IPUIPlugin:80 - create IPUIPlugin
2024-02-13 22:06:41,239 [INFO] IPUIPlugin:80 - create IPUIPlugin
2024-02-13 22:06:41,239 [INFO] IPUIPlugin:80 - create IPUIPlugin
2024-02-13 22:06:41,240 [INFO] IPUIPlugin:80 - create IPUIPlugin
2024-02-13 22:06:41,241 [INFO] IPUIPlugin:80 - create IPUIPlugin
2024-02-13 22:06:41,241 [INFO] IPUIPlugin:80 - create IPUIPlugin
2024-02-13 22:06:41,244 [INFO] IPUIPlugin:80 - create IPUIPlugin
2024-02-13 22:06:41,246 [INFO] IPUIPlugin:80 - create IPUIPlugin
2024-02-13 22:06:41,246 [INFO] IPUIPlugin:80 - create IPUIPlugin
2024-02-13 22:06:41,247 [INFO] IPUIPlugin:80 - create IPUIPlugin
2024-02-13 22:06:41,249 [INFO] IPUIPlugin:80 - create IPUIPlugin
2024-02-13 22:06:41,250 [INFO] IPUIPlugin:80 - create IPUIPlugin
2024-02-13 22:06:41,251 [INFO] IPUIPlugin:80 - create IPUIPlugin
2024-02-13 22:06:41,253 [INFO] IPUIPlugin:80 - create IPUIPlugin
2024-02-13 22:06:41,253 [INFO] IPUIPlugin:80 - create IPUIPlugin
2024-02-13 22:06:41,254 [INFO] IPUIPlugin:80 - create IPUIPlugin
2024-02-13 22:06:41,254 [INFO] IPUIPlugin:80 - create IPUIPlugin
2024-02-13 22:06:41,254 [INFO] IPUIPlugin:80 - create IPUIPlugin
2024-02-13 22:06:41,254 [INFO] IPUIPlugin:80 - create IPUIPlugin
2024-02-13 22:06:41,255 [INFO] IPUIPlugin:80 - create IPUIPlugin
2024-02-13 22:06:41,255 [INFO] IPUIPlugin:80 - create IPUIPlugin
2024-02-13 22:06:41,255 [INFO] IPUIPlugin:80 - create IPUIPlugin
2024-02-13 22:06:41,925 [INFO] CADModel:165 - CPN selected for project levelSTM32G031F8P6
2024-02-13 22:06:41,925 [INFO] CADModel:114 - Register for checkConnection events
2024-02-13 22:06:42,036 [INFO] OpenFileManager:343 - Restore cursor
2024-02-13 22:06:46,632 [INFO] UtilMem:75 - End SaveConfig() Used Memory: 719042432 Bytes (1073741824)
2024-02-13 22:06:46,839 [INFO] UtilMem:75 - End SaveConfig() Used Memory: 731414320 Bytes (1073741824)
2024-02-13 22:06:48,220 [INFO] BlockDiagram:2759 - set Specific Code input for plugin: NVIC
2024-02-13 22:06:48,221 [INFO] BlockDiagram:2759 - set Specific Code input for plugin: RCC
2024-02-13 22:06:48,224 [INFO] CodeGenerator:807 - code generatio: config db path: C:\ST\STM32CubeIDE_1.12.0\STM32CubeIDE\plugins\com.st.stm32cube.common.mx_6.10.0.202311202037\\db\
2024-02-13 22:06:49,004 [INFO] CodeEngine:255 - oldGeneratedFile, C:\Users\nate_\Documents\Electric_Skateboard\Software\Receiver\MXTmpFiles\license.tmp_save
2024-02-13 22:06:50,036 [INFO] CodeEngine:279 - Generated code: C:\Users\nate_\Documents\Electric_Skateboard\Software\Receiver\MXTmpFiles\license.tmp
2024-02-13 22:06:50,086 [INFO] CodeEngine:255 - oldGeneratedFile, C:\Users\nate_\Documents\Electric_Skateboard\Software\Receiver\Core\Src\stm32g0xx_it.c_save
2024-02-13 22:06:50,486 [INFO] CodeEngine:279 - Generated code: C:\Users\nate_\Documents\Electric_Skateboard\Software\Receiver\Core\Src\stm32g0xx_it.c
2024-02-13 22:06:50,505 [INFO] CodeEngine:255 - oldGeneratedFile, C:\Users\nate_\Documents\Electric_Skateboard\Software\Receiver\Core\Inc\stm32g0xx_it.h_save
2024-02-13 22:06:50,720 [INFO] CodeEngine:279 - Generated code: C:\Users\nate_\Documents\Electric_Skateboard\Software\Receiver\Core\Inc\stm32g0xx_it.h
2024-02-13 22:06:51,057 [INFO] CodeEngine:255 - oldGeneratedFile, C:\Users\nate_\Documents\Electric_Skateboard\Software\Receiver\Core\Src\stm32g0xx_hal_msp.c_save
2024-02-13 22:06:51,369 [INFO] CodeEngine:279 - Generated code: C:\Users\nate_\Documents\Electric_Skateboard\Software\Receiver\Core\Src\stm32g0xx_hal_msp.c
2024-02-13 22:06:51,389 [INFO] CodeEngine:255 - oldGeneratedFile, C:\Users\nate_\Documents\Electric_Skateboard\Software\Receiver\MXTmpFiles\system.tmp_save
2024-02-13 22:06:51,554 [INFO] CodeEngine:279 - Generated code: C:\Users\nate_\Documents\Electric_Skateboard\Software\Receiver\MXTmpFiles\system.tmp
2024-02-13 22:06:51,599 [INFO] CodeEngine:311 - oldGeneratedFile, C:\Users\nate_\Documents\Electric_Skateboard\Software\Receiver\Core\Inc\stm32g0xx_hal_conf.h_save
2024-02-13 22:06:51,847 [INFO] CodeEngine:335 - Generated code: C:\Users\nate_\Documents\Electric_Skateboard\Software\Receiver\Core\Inc\stm32g0xx_hal_conf.h
2024-02-13 22:06:51,976 [INFO] CodeEngine:255 - oldGeneratedFile, C:\Users\nate_\Documents\Electric_Skateboard\Software\Receiver\Core\Inc\main.h_save
2024-02-13 22:06:52,324 [INFO] CodeEngine:279 - Generated code: C:\Users\nate_\Documents\Electric_Skateboard\Software\Receiver\Core\Inc\main.h
2024-02-13 22:06:52,361 [INFO] CodeEngine:255 - oldGeneratedFile, C:\Users\nate_\Documents\Electric_Skateboard\Software\Receiver\Core\Src\main.c_save
2024-02-13 22:06:52,835 [INFO] CodeEngine:279 - Generated code: C:\Users\nate_\Documents\Electric_Skateboard\Software\Receiver\Core\Src\main.c
2024-02-13 22:06:54,313 [INFO] ProjectBuilder:3076 - Time for Copy HAL[1] : 397mS.
2024-02-13 22:06:54,325 [INFO] ProjectBuilder:4485 - Project Generator version: 4.2.0-B44
2024-02-13 22:06:55,365 [INFO] ConfigFileManager:1495 - The Die is : DIE466
2024-02-13 22:06:55,396 [INFO] ApiDbMcu:508 - Load IP Config File for FATFS
2024-02-13 22:06:55,437 [INFO] ApiDbMcu:508 - Load IP Config File for FREERTOS
2024-02-13 22:06:57,623 [INFO] LogOutputStream:77 - [STDOUT_REDIRECT] 
2024-02-13 22:07:03,768 [INFO] ProjectBuilder:4747 - Time for Generating toolchain IDE Files: 9442mS.
2024-02-13 22:07:03,770 [INFO] ProjectBuilder:2947 - Time for Copy CMSIS : 1mS.
2024-02-13 22:07:03,776 [INFO] ProjectBuilder:2947 - Time for Copy CMSIS : 0mS.
2024-02-13 22:07:05,440 [INFO] McuFinderGlobals:76 - Set McuFinderConnectedMode to true
2024-02-13 22:07:05,448 [INFO] ApiDb:448 - Save user favorites file C:\Users\nate_/.stm32cubeide/favorites.mcus.txt: 0 item(s)
2024-02-13 22:07:05,449 [INFO] ApiDb:452 - User favorites MCUs=[]
2024-02-13 22:30:27,803 [INFO] I2cTimingTraitement:330 - 0x00303D5B
2024-02-13 22:31:41,698 [INFO] I2cTimingTraitement:330 - 0x00303D5B
2024-02-13 22:31:41,920 [INFO] I2cTimingTraitement:330 - 0x00303D5B
2024-02-13 22:32:17,854 [INFO] I2cTimingTraitement:330 - 0x00303D5B
2024-02-13 22:32:18,077 [INFO] I2cTimingTraitement:330 - 0x00303D5B
2024-02-13 22:32:54,784 [INFO] I2cTimingTraitement:330 - 0x00303D5B
2024-02-13 22:32:55,008 [INFO] I2cTimingTraitement:330 - 0x00303D5B
2024-02-13 23:16:07,369 [INFO] I2cTimingTraitement:330 - 0x00303D5B
2024-02-13 23:16:07,572 [INFO] I2cTimingTraitement:330 - 0x00303D5B
2024-02-13 23:19:39,491 [INFO] UtilMem:75 - End SaveConfig() Used Memory: 560374528 Bytes (843055104)
2024-02-13 23:19:39,685 [INFO] UtilMem:75 - End SaveConfig() Used Memory: 584293216 Bytes (843055104)
2024-02-13 23:19:41,386 [INFO] UtilMem:75 - End SaveConfig() Used Memory: 642689792 Bytes (843055104)
2024-02-13 23:19:41,954 [INFO] BlockDiagram:2759 - set Specific Code input for plugin: SPI
2024-02-13 23:19:41,954 [INFO] BlockDiagram:2759 - set Specific Code input for plugin: NVIC
2024-02-13 23:19:41,954 [INFO] BlockDiagram:2759 - set Specific Code input for plugin: USART
2024-02-13 23:19:41,954 [INFO] BlockDiagram:2759 - set Specific Code input for plugin: TIM1_8G0
2024-02-13 23:19:41,955 [INFO] BlockDiagram:2759 - set Specific Code input for plugin: SYS
2024-02-13 23:19:41,955 [INFO] BlockDiagram:2759 - set Specific Code input for plugin: GPIO
2024-02-13 23:19:41,955 [INFO] BlockDiagram:2759 - set Specific Code input for plugin: RCC
2024-02-13 23:19:41,955 [INFO] BlockDiagram:2759 - set Specific Code input for plugin: I2C
2024-02-13 23:19:41,957 [INFO] CodeGenerator:807 - code generatio: config db path: C:\ST\STM32CubeIDE_1.12.0\STM32CubeIDE\plugins\com.st.stm32cube.common.mx_6.10.0.202311202037\\db\
2024-02-13 23:19:42,153 [INFO] CodeEngine:255 - oldGeneratedFile, C:\Users\nate_\Documents\Electric_Skateboard\Software\Receiver\MXTmpFiles\license.tmp_save
2024-02-13 23:19:42,475 [INFO] CodeEngine:279 - Generated code: C:\Users\nate_\Documents\Electric_Skateboard\Software\Receiver\MXTmpFiles\license.tmp
2024-02-13 23:19:42,634 [INFO] CodeEngine:255 - oldGeneratedFile, C:\Users\nate_\Documents\Electric_Skateboard\Software\Receiver\MXTmpFiles\gpio.tmp_save
2024-02-13 23:19:42,765 [INFO] CodeEngine:279 - Generated code: C:\Users\nate_\Documents\Electric_Skateboard\Software\Receiver\MXTmpFiles\gpio.tmp
2024-02-13 23:19:43,359 [INFO] CodeEngine:255 - oldGeneratedFile, C:\Users\nate_\Documents\Electric_Skateboard\Software\Receiver\Core\Src\stm32g0xx_it.c_save
2024-02-13 23:19:43,550 [INFO] CodeEngine:279 - Generated code: C:\Users\nate_\Documents\Electric_Skateboard\Software\Receiver\Core\Src\stm32g0xx_it.c
2024-02-13 23:19:43,557 [INFO] CodeEngine:255 - oldGeneratedFile, C:\Users\nate_\Documents\Electric_Skateboard\Software\Receiver\Core\Inc\stm32g0xx_it.h_save
2024-02-13 23:19:43,644 [INFO] CodeEngine:279 - Generated code: C:\Users\nate_\Documents\Electric_Skateboard\Software\Receiver\Core\Inc\stm32g0xx_it.h
2024-02-13 23:19:43,673 [INFO] CodeEngine:255 - oldGeneratedFile, C:\Users\nate_\Documents\Electric_Skateboard\Software\Receiver\Core\Src\stm32g0xx_hal_msp.c_save
2024-02-13 23:19:43,890 [INFO] CodeEngine:279 - Generated code: C:\Users\nate_\Documents\Electric_Skateboard\Software\Receiver\Core\Src\stm32g0xx_hal_msp.c
2024-02-13 23:19:43,902 [INFO] CodeEngine:255 - oldGeneratedFile, C:\Users\nate_\Documents\Electric_Skateboard\Software\Receiver\MXTmpFiles\system.tmp_save
2024-02-13 23:19:43,960 [INFO] CodeEngine:279 - Generated code: C:\Users\nate_\Documents\Electric_Skateboard\Software\Receiver\MXTmpFiles\system.tmp
2024-02-13 23:19:43,991 [INFO] CodeEngine:311 - oldGeneratedFile, C:\Users\nate_\Documents\Electric_Skateboard\Software\Receiver\Core\Inc\stm32g0xx_hal_conf.h_save
2024-02-13 23:19:44,115 [INFO] CodeEngine:335 - Generated code: C:\Users\nate_\Documents\Electric_Skateboard\Software\Receiver\Core\Inc\stm32g0xx_hal_conf.h
2024-02-13 23:19:44,147 [WARN] IPConfigManager:3440 - IP not found : TIM
2024-02-13 23:19:44,148 [WARN] CodeGenerator:3939 - IP not found : null
2024-02-13 23:19:44,167 [INFO] CodeEngine:255 - oldGeneratedFile, C:\Users\nate_\Documents\Electric_Skateboard\Software\Receiver\Core\Inc\main.h_save
2024-02-13 23:19:44,290 [INFO] CodeEngine:279 - Generated code: C:\Users\nate_\Documents\Electric_Skateboard\Software\Receiver\Core\Inc\main.h
2024-02-13 23:19:44,308 [INFO] CodeEngine:255 - oldGeneratedFile, C:\Users\nate_\Documents\Electric_Skateboard\Software\Receiver\Core\Src\main.c_save
2024-02-13 23:19:44,476 [INFO] CodeEngine:279 - Generated code: C:\Users\nate_\Documents\Electric_Skateboard\Software\Receiver\Core\Src\main.c
2024-02-13 23:19:45,091 [INFO] ProjectBuilder:3076 - Time for Copy HAL[1] : 274mS.
2024-02-13 23:19:45,097 [INFO] ProjectBuilder:4485 - Project Generator version: 4.2.0-B44
2024-02-13 23:19:45,297 [INFO] ConfigFileManager:1495 - The Die is : DIE466
2024-02-13 23:19:48,284 [INFO] ProjectBuilder:4747 - Time for Generating toolchain IDE Files: 3187mS.
2024-02-13 23:19:48,285 [INFO] ProjectBuilder:2947 - Time for Copy CMSIS : 0mS.
2024-02-13 23:19:48,289 [INFO] ProjectBuilder:2947 - Time for Copy CMSIS : 0mS.
